{
  "C:\\Users\\rtsii\\CascadeProjects\\FlorAI-Mobile\\.eslintrc.js": {
    "path": "C:\\Users\\rtsii\\CascadeProjects\\FlorAI-Mobile\\.eslintrc.js",
    "statementMap": {
      "0": { "start": { "line": 1, "column": 0 }, "end": { "line": 96, "column": 2 } }
    },
    "fnMap": {},
    "branchMap": {},
    "s": { "0": 0 },
    "f": {},
    "b": {}
  },
  "C:\\Users\\rtsii\\CascadeProjects\\FlorAI-Mobile\\.prettierrc.js": {
    "path": "C:\\Users\\rtsii\\CascadeProjects\\FlorAI-Mobile\\.prettierrc.js",
    "statementMap": {
      "0": { "start": { "line": 1, "column": 0 }, "end": { "line": 12, "column": 2 } }
    },
    "fnMap": {},
    "branchMap": {},
    "s": { "0": 0 },
    "f": {},
    "b": {}
  },
  "C:\\Users\\rtsii\\CascadeProjects\\FlorAI-Mobile\\App.tsx": {
    "path": "C:\\Users\\rtsii\\CascadeProjects\\FlorAI-Mobile\\App.tsx",
    "statementMap": {
      "0": { "start": { "line": 23, "column": 39 }, "end": { "line": 28, "column": 2 } },
      "1": { "start": { "line": 44, "column": 12 }, "end": { "line": 44, "column": 56 } },
      "2": { "start": { "line": 51, "column": 19 }, "end": { "line": 58, "column": 1 } },
      "3": { "start": { "line": 52, "column": 2 }, "end": { "line": 57, "column": 4 } },
      "4": { "start": { "line": 61, "column": 17 }, "end": { "line": 71, "column": 10 } },
      "5": { "start": { "line": 74, "column": 24 }, "end": { "line": 85, "column": 10 } },
      "6": { "start": { "line": 88, "column": 25 }, "end": { "line": 95, "column": 1 } },
      "7": { "start": { "line": 89, "column": 24 }, "end": { "line": 91, "column": 3 } },
      "8": { "start": { "line": 90, "column": 4 }, "end": { "line": 90, "column": 56 } },
      "9": { "start": { "line": 92, "column": 2 }, "end": { "line": 94, "column": 4 } },
      "10": { "start": { "line": 93, "column": 44 }, "end": { "line": 93, "column": 72 } },
      "11": { "start": { "line": 97, "column": 12 }, "end": { "line": 166, "column": 1 } },
      "12": { "start": { "line": 99, "column": 27 }, "end": { "line": 99, "column": 66 } },
      "13": { "start": { "line": 101, "column": 2 }, "end": { "line": 165, "column": 4 } }
    },
    "fnMap": {
      "0": {
        "name": "(anonymous_0)",
        "decl": { "start": { "line": 51, "column": 19 }, "end": { "line": 51, "column": 20 } },
        "loc": { "start": { "line": 52, "column": 2 }, "end": { "line": 57, "column": 4 } },
        "line": 52
      },
      "1": {
        "name": "(anonymous_1)",
        "decl": { "start": { "line": 88, "column": 25 }, "end": { "line": 88, "column": 26 } },
        "loc": { "start": { "line": 88, "column": 43 }, "end": { "line": 95, "column": 1 } },
        "line": 88
      },
      "2": {
        "name": "(anonymous_2)",
        "decl": { "start": { "line": 89, "column": 24 }, "end": { "line": 89, "column": 25 } },
        "loc": { "start": { "line": 90, "column": 4 }, "end": { "line": 90, "column": 56 } },
        "line": 90
      },
      "3": {
        "name": "(anonymous_3)",
        "decl": { "start": { "line": 93, "column": 16 }, "end": { "line": 93, "column": 17 } },
        "loc": { "start": { "line": 93, "column": 44 }, "end": { "line": 93, "column": 72 } },
        "line": 93
      },
      "4": {
        "name": "(anonymous_4)",
        "decl": { "start": { "line": 97, "column": 12 }, "end": { "line": 97, "column": 13 } },
        "loc": { "start": { "line": 97, "column": 31 }, "end": { "line": 166, "column": 1 } },
        "line": 97
      }
    },
    "branchMap": {},
    "s": {
      "0": 0,
      "1": 0,
      "2": 0,
      "3": 0,
      "4": 0,
      "5": 0,
      "6": 0,
      "7": 0,
      "8": 0,
      "9": 0,
      "10": 0,
      "11": 0,
      "12": 0,
      "13": 0
    },
    "f": { "0": 0, "1": 0, "2": 0, "3": 0, "4": 0 },
    "b": {}
  },
  "C:\\Users\\rtsii\\CascadeProjects\\FlorAI-Mobile\\babel.test.config.js": {
    "path": "C:\\Users\\rtsii\\CascadeProjects\\FlorAI-Mobile\\babel.test.config.js",
    "statementMap": {
      "0": { "start": { "line": 2, "column": 0 }, "end": { "line": 12, "column": 2 } }
    },
    "fnMap": {},
    "branchMap": {},
    "s": { "0": 0 },
    "f": {},
    "b": {}
  },
  "C:\\Users\\rtsii\\CascadeProjects\\FlorAI-Mobile\\commitlint.config.js": {
    "path": "C:\\Users\\rtsii\\CascadeProjects\\FlorAI-Mobile\\commitlint.config.js",
    "statementMap": {
      "0": { "start": { "line": 1, "column": 0 }, "end": { "line": 26, "column": 2 } }
    },
    "fnMap": {},
    "branchMap": {},
    "s": { "0": 0 },
    "f": {},
    "b": {}
  },
  "C:\\Users\\rtsii\\CascadeProjects\\FlorAI-Mobile\\debug-api.js": {
    "path": "C:\\Users\\rtsii\\CascadeProjects\\FlorAI-Mobile\\debug-api.js",
    "statementMap": {
      "0": { "start": { "line": 2, "column": 0 }, "end": { "line": 2, "column": 27 } },
      "1": { "start": { "line": 4, "column": 14 }, "end": { "line": 4, "column": 30 } },
      "2": { "start": { "line": 5, "column": 16 }, "end": { "line": 5, "column": 30 } },
      "3": { "start": { "line": 8, "column": 15 }, "end": { "line": 8, "column": 99 } },
      "4": { "start": { "line": 9, "column": 16 }, "end": { "line": 9, "column": 59 } },
      "5": { "start": { "line": 11, "column": 0 }, "end": { "line": 11, "column": 45 } },
      "6": { "start": { "line": 12, "column": 0 }, "end": { "line": 12, "column": 28 } },
      "7": { "start": { "line": 13, "column": 0 }, "end": { "line": 13, "column": 49 } },
      "8": { "start": { "line": 14, "column": 0 }, "end": { "line": 14, "column": 69 } },
      "9": { "start": { "line": 15, "column": 0 }, "end": { "line": 15, "column": 99 } },
      "10": { "start": { "line": 17, "column": 0 }, "end": { "line": 20, "column": 1 } },
      "11": { "start": { "line": 18, "column": 2 }, "end": { "line": 18, "column": 79 } },
      "12": { "start": { "line": 19, "column": 2 }, "end": { "line": 19, "column": 18 } },
      "13": { "start": { "line": 23, "column": 0 }, "end": { "line": 23, "column": 48 } },
      "14": { "start": { "line": 24, "column": 0 }, "end": { "line": 30, "column": 3 } },
      "15": { "start": { "line": 25, "column": 2 }, "end": { "line": 28, "column": 3 } },
      "16": { "start": { "line": 26, "column": 4 }, "end": { "line": 26, "column": 47 } },
      "17": { "start": { "line": 27, "column": 4 }, "end": { "line": 27, "column": 11 } },
      "18": { "start": { "line": 29, "column": 2 }, "end": { "line": 29, "column": 76 } },
      "19": { "start": { "line": 33, "column": 0 }, "end": { "line": 33, "column": 48 } },
      "20": { "start": { "line": 34, "column": 15 }, "end": { "line": 38, "column": 2 } },
      "21": { "start": { "line": 40, "column": 0 }, "end": { "line": 44, "column": 3 } },
      "22": { "start": { "line": 41, "column": 2 }, "end": { "line": 41, "column": 68 } },
      "23": { "start": { "line": 42, "column": 2 }, "end": { "line": 42, "column": 19 } },
      "24": { "start": { "line": 43, "column": 2 }, "end": { "line": 43, "column": 21 } },
      "25": { "start": { "line": 46, "column": 0 }, "end": { "line": 48, "column": 3 } },
      "26": { "start": { "line": 47, "column": 2 }, "end": { "line": 47, "column": 49 } },
      "27": { "start": { "line": 50, "column": 0 }, "end": { "line": 53, "column": 3 } },
      "28": { "start": { "line": 51, "column": 2 }, "end": { "line": 51, "column": 46 } },
      "29": { "start": { "line": 52, "column": 2 }, "end": { "line": 52, "column": 19 } },
      "30": { "start": { "line": 56, "column": 2 }, "end": { "line": 56, "column": 49 } },
      "31": { "start": { "line": 58, "column": 18 }, "end": { "line": 69, "column": 3 } },
      "32": { "start": { "line": 71, "column": 2 }, "end": { "line": 80, "column": 5 } },
      "33": { "start": { "line": 82, "column": 14 }, "end": { "line": 101, "column": 4 } },
      "34": { "start": { "line": 83, "column": 4 }, "end": { "line": 83, "column": 38 } },
      "35": { "start": { "line": 84, "column": 4 }, "end": { "line": 84, "column": 66 } },
      "36": { "start": { "line": 85, "column": 4 }, "end": { "line": 85, "column": 41 } },
      "37": { "start": { "line": 87, "column": 15 }, "end": { "line": 87, "column": 17 } },
      "38": { "start": { "line": 88, "column": 4 }, "end": { "line": 90, "column": 7 } },
      "39": { "start": { "line": 89, "column": 6 }, "end": { "line": 89, "column": 23 } },
      "40": { "start": { "line": 92, "column": 4 }, "end": { "line": 100, "column": 7 } },
      "41": { "start": { "line": 93, "column": 27 }, "end": { "line": 93, "column": 57 } },
      "42": { "start": { "line": 94, "column": 6 }, "end": { "line": 94, "column": 38 } },
      "43": { "start": { "line": 95, "column": 6 }, "end": { "line": 99, "column": 7 } },
      "44": { "start": { "line": 96, "column": 8 }, "end": { "line": 96, "column": 71 } },
      "45": { "start": { "line": 98, "column": 8 }, "end": { "line": 98, "column": 56 } },
      "46": { "start": { "line": 103, "column": 2 }, "end": { "line": 113, "column": 5 } },
      "47": { "start": { "line": 104, "column": 4 }, "end": { "line": 112, "column": 7 } },
      "48": { "start": { "line": 105, "column": 6 }, "end": { "line": 105, "column": 58 } },
      "49": { "start": { "line": 106, "column": 6 }, "end": { "line": 106, "column": 53 } },
      "50": { "start": { "line": 107, "column": 6 }, "end": { "line": 107, "column": 49 } },
      "51": { "start": { "line": 108, "column": 6 }, "end": { "line": 108, "column": 60 } },
      "52": { "start": { "line": 109, "column": 6 }, "end": { "line": 111, "column": 7 } },
      "53": { "start": { "line": 110, "column": 8 }, "end": { "line": 110, "column": 71 } },
      "54": { "start": { "line": 115, "column": 2 }, "end": { "line": 124, "column": 5 } },
      "55": { "start": { "line": 116, "column": 4 }, "end": { "line": 116, "column": 45 } },
      "56": { "start": { "line": 117, "column": 4 }, "end": { "line": 117, "column": 39 } },
      "57": { "start": { "line": 118, "column": 4 }, "end": { "line": 118, "column": 45 } },
      "58": { "start": { "line": 119, "column": 4 }, "end": { "line": 119, "column": 55 } },
      "59": { "start": { "line": 119, "column": 20 }, "end": { "line": 119, "column": 55 } },
      "60": { "start": { "line": 120, "column": 4 }, "end": { "line": 120, "column": 64 } },
      "61": { "start": { "line": 120, "column": 23 }, "end": { "line": 120, "column": 64 } },
      "62": { "start": { "line": 121, "column": 4 }, "end": { "line": 121, "column": 67 } },
      "63": { "start": { "line": 121, "column": 24 }, "end": { "line": 121, "column": 67 } },
      "64": { "start": { "line": 122, "column": 4 }, "end": { "line": 122, "column": 55 } },
      "65": { "start": { "line": 122, "column": 20 }, "end": { "line": 122, "column": 55 } },
      "66": { "start": { "line": 123, "column": 4 }, "end": { "line": 123, "column": 62 } },
      "67": { "start": { "line": 123, "column": 20 }, "end": { "line": 123, "column": 62 } },
      "68": { "start": { "line": 126, "column": 2 }, "end": { "line": 129, "column": 5 } },
      "69": { "start": { "line": 127, "column": 4 }, "end": { "line": 127, "column": 47 } },
      "70": { "start": { "line": 128, "column": 4 }, "end": { "line": 128, "column": 46 } },
      "71": { "start": { "line": 131, "column": 2 }, "end": { "line": 131, "column": 12 } },
      "72": { "start": { "line": 135, "column": 0 }, "end": { "line": 138, "column": 10 } },
      "73": { "start": { "line": 136, "column": 2 }, "end": { "line": 136, "column": 50 } },
      "74": { "start": { "line": 137, "column": 2 }, "end": { "line": 137, "column": 18 } }
    },
    "fnMap": {
      "0": {
        "name": "(anonymous_0)",
        "decl": { "start": { "line": 24, "column": 39 }, "end": { "line": 24, "column": 40 } },
        "loc": { "start": { "line": 24, "column": 65 }, "end": { "line": 30, "column": 1 } },
        "line": 24
      },
      "1": {
        "name": "(anonymous_1)",
        "decl": { "start": { "line": 40, "column": 21 }, "end": { "line": 40, "column": 22 } },
        "loc": { "start": { "line": 40, "column": 27 }, "end": { "line": 44, "column": 1 } },
        "line": 40
      },
      "2": {
        "name": "(anonymous_2)",
        "decl": { "start": { "line": 46, "column": 19 }, "end": { "line": 46, "column": 20 } },
        "loc": { "start": { "line": 46, "column": 28 }, "end": { "line": 48, "column": 1 } },
        "line": 46
      },
      "3": {
        "name": "(anonymous_3)",
        "decl": { "start": { "line": 50, "column": 21 }, "end": { "line": 50, "column": 22 } },
        "loc": { "start": { "line": 50, "column": 27 }, "end": { "line": 53, "column": 1 } },
        "line": 50
      },
      "4": {
        "name": "testHttpsRequest",
        "decl": { "start": { "line": 55, "column": 9 }, "end": { "line": 55, "column": 25 } },
        "loc": { "start": { "line": 55, "column": 28 }, "end": { "line": 132, "column": 1 } },
        "line": 55
      },
      "5": {
        "name": "(anonymous_5)",
        "decl": { "start": { "line": 82, "column": 37 }, "end": { "line": 82, "column": 38 } },
        "loc": { "start": { "line": 82, "column": 46 }, "end": { "line": 101, "column": 3 } },
        "line": 82
      },
      "6": {
        "name": "(anonymous_6)",
        "decl": { "start": { "line": 88, "column": 19 }, "end": { "line": 88, "column": 20 } },
        "loc": { "start": { "line": 88, "column": 30 }, "end": { "line": 90, "column": 5 } },
        "line": 88
      },
      "7": {
        "name": "(anonymous_7)",
        "decl": { "start": { "line": 92, "column": 18 }, "end": { "line": 92, "column": 19 } },
        "loc": { "start": { "line": 92, "column": 24 }, "end": { "line": 100, "column": 5 } },
        "line": 92
      },
      "8": {
        "name": "(anonymous_8)",
        "decl": { "start": { "line": 103, "column": 19 }, "end": { "line": 103, "column": 20 } },
        "loc": { "start": { "line": 103, "column": 31 }, "end": { "line": 113, "column": 3 } },
        "line": 103
      },
      "9": {
        "name": "(anonymous_9)",
        "decl": { "start": { "line": 104, "column": 31 }, "end": { "line": 104, "column": 32 } },
        "loc": { "start": { "line": 104, "column": 37 }, "end": { "line": 112, "column": 5 } },
        "line": 104
      },
      "10": {
        "name": "(anonymous_10)",
        "decl": { "start": { "line": 115, "column": 18 }, "end": { "line": 115, "column": 19 } },
        "loc": { "start": { "line": 115, "column": 29 }, "end": { "line": 124, "column": 3 } },
        "line": 115
      },
      "11": {
        "name": "(anonymous_11)",
        "decl": { "start": { "line": 126, "column": 20 }, "end": { "line": 126, "column": 21 } },
        "loc": { "start": { "line": 126, "column": 26 }, "end": { "line": 129, "column": 3 } },
        "line": 126
      },
      "12": {
        "name": "(anonymous_12)",
        "decl": { "start": { "line": 135, "column": 11 }, "end": { "line": 135, "column": 12 } },
        "loc": { "start": { "line": 135, "column": 17 }, "end": { "line": 138, "column": 1 } },
        "line": 135
      }
    },
    "branchMap": {
      "0": {
        "loc": { "start": { "line": 8, "column": 23 }, "end": { "line": 8, "column": 98 } },
        "type": "binary-expr",
        "locations": [
          { "start": { "line": 8, "column": 23 }, "end": { "line": 8, "column": 66 } },
          { "start": { "line": 8, "column": 70 }, "end": { "line": 8, "column": 98 } }
        ],
        "line": 8
      },
      "1": {
        "loc": { "start": { "line": 15, "column": 50 }, "end": { "line": 15, "column": 97 } },
        "type": "cond-expr",
        "locations": [
          { "start": { "line": 15, "column": 60 }, "end": { "line": 15, "column": 85 } },
          { "start": { "line": 15, "column": 88 }, "end": { "line": 15, "column": 97 } }
        ],
        "line": 15
      },
      "2": {
        "loc": { "start": { "line": 17, "column": 0 }, "end": { "line": 20, "column": 1 } },
        "type": "if",
        "locations": [
          { "start": { "line": 17, "column": 0 }, "end": { "line": 20, "column": 1 } },
          { "start": {}, "end": {} }
        ],
        "line": 17
      },
      "3": {
        "loc": { "start": { "line": 25, "column": 2 }, "end": { "line": 28, "column": 3 } },
        "type": "if",
        "locations": [
          { "start": { "line": 25, "column": 2 }, "end": { "line": 28, "column": 3 } },
          { "start": {}, "end": {} }
        ],
        "line": 25
      },
      "4": {
        "loc": { "start": { "line": 98, "column": 20 }, "end": { "line": 98, "column": 54 } },
        "type": "binary-expr",
        "locations": [
          { "start": { "line": 98, "column": 20 }, "end": { "line": 98, "column": 32 } },
          { "start": { "line": 98, "column": 36 }, "end": { "line": 98, "column": 54 } }
        ],
        "line": 98
      },
      "5": {
        "loc": { "start": { "line": 108, "column": 33 }, "end": { "line": 108, "column": 58 } },
        "type": "binary-expr",
        "locations": [
          { "start": { "line": 108, "column": 33 }, "end": { "line": 108, "column": 50 } },
          { "start": { "line": 108, "column": 54 }, "end": { "line": 108, "column": 58 } }
        ],
        "line": 108
      },
      "6": {
        "loc": { "start": { "line": 109, "column": 6 }, "end": { "line": 111, "column": 7 } },
        "type": "if",
        "locations": [
          { "start": { "line": 109, "column": 6 }, "end": { "line": 111, "column": 7 } },
          { "start": {}, "end": {} }
        ],
        "line": 109
      },
      "7": {
        "loc": { "start": { "line": 119, "column": 4 }, "end": { "line": 119, "column": 55 } },
        "type": "if",
        "locations": [
          { "start": { "line": 119, "column": 4 }, "end": { "line": 119, "column": 55 } },
          { "start": {}, "end": {} }
        ],
        "line": 119
      },
      "8": {
        "loc": { "start": { "line": 120, "column": 4 }, "end": { "line": 120, "column": 64 } },
        "type": "if",
        "locations": [
          { "start": { "line": 120, "column": 4 }, "end": { "line": 120, "column": 64 } },
          { "start": {}, "end": {} }
        ],
        "line": 120
      },
      "9": {
        "loc": { "start": { "line": 121, "column": 4 }, "end": { "line": 121, "column": 67 } },
        "type": "if",
        "locations": [
          { "start": { "line": 121, "column": 4 }, "end": { "line": 121, "column": 67 } },
          { "start": {}, "end": {} }
        ],
        "line": 121
      },
      "10": {
        "loc": { "start": { "line": 122, "column": 4 }, "end": { "line": 122, "column": 55 } },
        "type": "if",
        "locations": [
          { "start": { "line": 122, "column": 4 }, "end": { "line": 122, "column": 55 } },
          { "start": {}, "end": {} }
        ],
        "line": 122
      },
      "11": {
        "loc": { "start": { "line": 123, "column": 4 }, "end": { "line": 123, "column": 62 } },
        "type": "if",
        "locations": [
          { "start": { "line": 123, "column": 4 }, "end": { "line": 123, "column": 62 } },
          { "start": {}, "end": {} }
        ],
        "line": 123
      }
    },
    "s": {
      "0": 0,
      "1": 0,
      "2": 0,
      "3": 0,
      "4": 0,
      "5": 0,
      "6": 0,
      "7": 0,
      "8": 0,
      "9": 0,
      "10": 0,
      "11": 0,
      "12": 0,
      "13": 0,
      "14": 0,
      "15": 0,
      "16": 0,
      "17": 0,
      "18": 0,
      "19": 0,
      "20": 0,
      "21": 0,
      "22": 0,
      "23": 0,
      "24": 0,
      "25": 0,
      "26": 0,
      "27": 0,
      "28": 0,
      "29": 0,
      "30": 0,
      "31": 0,
      "32": 0,
      "33": 0,
      "34": 0,
      "35": 0,
      "36": 0,
      "37": 0,
      "38": 0,
      "39": 0,
      "40": 0,
      "41": 0,
      "42": 0,
      "43": 0,
      "44": 0,
      "45": 0,
      "46": 0,
      "47": 0,
      "48": 0,
      "49": 0,
      "50": 0,
      "51": 0,
      "52": 0,
      "53": 0,
      "54": 0,
      "55": 0,
      "56": 0,
      "57": 0,
      "58": 0,
      "59": 0,
      "60": 0,
      "61": 0,
      "62": 0,
      "63": 0,
      "64": 0,
      "65": 0,
      "66": 0,
      "67": 0,
      "68": 0,
      "69": 0,
      "70": 0,
      "71": 0,
      "72": 0,
      "73": 0,
      "74": 0
    },
    "f": {
      "0": 0,
      "1": 0,
      "2": 0,
      "3": 0,
      "4": 0,
      "5": 0,
      "6": 0,
      "7": 0,
      "8": 0,
      "9": 0,
      "10": 0,
      "11": 0,
      "12": 0
    },
    "b": {
      "0": [0, 0],
      "1": [0, 0],
      "2": [0, 0],
      "3": [0, 0],
      "4": [0, 0],
      "5": [0, 0],
      "6": [0, 0],
      "7": [0, 0],
      "8": [0, 0],
      "9": [0, 0],
      "10": [0, 0],
      "11": [0, 0]
    }
  },
  "C:\\Users\\rtsii\\CascadeProjects\\FlorAI-Mobile\\debug-test.js": {
    "path": "C:\\Users\\rtsii\\CascadeProjects\\FlorAI-Mobile\\debug-test.js",
    "statementMap": {
      "0": { "start": { "line": 2, "column": 0 }, "end": { "line": 2, "column": 41 } },
      "1": { "start": { "line": 4, "column": 0 }, "end": { "line": 8, "column": 3 } },
      "2": { "start": { "line": 5, "column": 2 }, "end": { "line": 5, "column": 33 } },
      "3": { "start": { "line": 6, "column": 2 }, "end": { "line": 6, "column": 26 } },
      "4": { "start": { "line": 7, "column": 2 }, "end": { "line": 7, "column": 32 } }
    },
    "fnMap": {
      "0": {
        "name": "(anonymous_0)",
        "decl": { "start": { "line": 4, "column": 33 }, "end": { "line": 4, "column": 34 } },
        "loc": { "start": { "line": 4, "column": 39 }, "end": { "line": 8, "column": 1 } },
        "line": 4
      }
    },
    "branchMap": {},
    "s": { "0": 0, "1": 0, "2": 0, "3": 0, "4": 0 },
    "f": { "0": 0 },
    "b": {}
  },
  "C:\\Users\\rtsii\\CascadeProjects\\FlorAI-Mobile\\hello-deno.ts": {
    "path": "C:\\Users\\rtsii\\CascadeProjects\\FlorAI-Mobile\\hello-deno.ts",
    "statementMap": {
      "0": { "start": { "line": 2, "column": 0 }, "end": { "line": 2, "column": 35 } },
      "1": { "start": { "line": 3, "column": 0 }, "end": { "line": 3, "column": 50 } },
      "2": { "start": { "line": 6, "column": 17 }, "end": { "line": 6, "column": 58 } },
      "3": { "start": { "line": 7, "column": 16 }, "end": { "line": 7, "column": 37 } },
      "4": { "start": { "line": 8, "column": 0 }, "end": { "line": 8, "column": 39 } }
    },
    "fnMap": {},
    "branchMap": {},
    "s": { "0": 0, "1": 0, "2": 0, "3": 0, "4": 0 },
    "f": {},
    "b": {}
  },
  "C:\\Users\\rtsii\\CascadeProjects\\FlorAI-Mobile\\jest.bare.config.js": {
    "path": "C:\\Users\\rtsii\\CascadeProjects\\FlorAI-Mobile\\jest.bare.config.js",
    "statementMap": {
      "0": { "start": { "line": 2, "column": 0 }, "end": { "line": 36, "column": 2 } }
    },
    "fnMap": {},
    "branchMap": {},
    "s": { "0": 0 },
    "f": {},
    "b": {}
  },
  "C:\\Users\\rtsii\\CascadeProjects\\FlorAI-Mobile\\jest.config.js": {
    "path": "C:\\Users\\rtsii\\CascadeProjects\\FlorAI-Mobile\\jest.config.js",
    "statementMap": {
      "0": { "start": { "line": 4, "column": 0 }, "end": { "line": 81, "column": 2 } }
    },
    "fnMap": {},
    "branchMap": {},
    "s": { "0": 0 },
    "f": {},
    "b": {}
  },
  "C:\\Users\\rtsii\\CascadeProjects\\FlorAI-Mobile\\jest.custom.config.js": {
    "path": "C:\\Users\\rtsii\\CascadeProjects\\FlorAI-Mobile\\jest.custom.config.js",
    "statementMap": {
      "0": { "start": { "line": 2, "column": 0 }, "end": { "line": 66, "column": 2 } }
    },
    "fnMap": {},
    "branchMap": {},
    "s": { "0": 0 },
    "f": {},
    "b": {}
  },
  "C:\\Users\\rtsii\\CascadeProjects\\FlorAI-Mobile\\jest.debug.config.js": {
    "path": "C:\\Users\\rtsii\\CascadeProjects\\FlorAI-Mobile\\jest.debug.config.js",
    "statementMap": {
      "0": { "start": { "line": 2, "column": 0 }, "end": { "line": 42, "column": 2 } }
    },
    "fnMap": {},
    "branchMap": {},
    "s": { "0": 0 },
    "f": {},
    "b": {}
  },
  "C:\\Users\\rtsii\\CascadeProjects\\FlorAI-Mobile\\jest.minimal.config.js": {
    "path": "C:\\Users\\rtsii\\CascadeProjects\\FlorAI-Mobile\\jest.minimal.config.js",
    "statementMap": {
      "0": { "start": { "line": 2, "column": 0 }, "end": { "line": 26, "column": 2 } }
    },
    "fnMap": {},
    "branchMap": {},
    "s": { "0": 0 },
    "f": {},
    "b": {}
  },
  "C:\\Users\\rtsii\\CascadeProjects\\FlorAI-Mobile\\jest.react.config.js": {
    "path": "C:\\Users\\rtsii\\CascadeProjects\\FlorAI-Mobile\\jest.react.config.js",
    "statementMap": {
      "0": { "start": { "line": 2, "column": 0 }, "end": { "line": 32, "column": 2 } }
    },
    "fnMap": {},
    "branchMap": {},
    "s": { "0": 0 },
    "f": {},
    "b": {}
  },
  "C:\\Users\\rtsii\\CascadeProjects\\FlorAI-Mobile\\jest.simple-setup.js": {
    "path": "C:\\Users\\rtsii\\CascadeProjects\\FlorAI-Mobile\\jest.simple-setup.js",
    "statementMap": {
      "0": { "start": { "line": 2, "column": 0 }, "end": { "line": 2, "column": 47 } },
      "1": { "start": { "line": 8, "column": 0 }, "end": { "line": 13, "column": 4 } },
      "2": { "start": { "line": 8, "column": 44 }, "end": { "line": 13, "column": 1 } },
      "3": { "start": { "line": 12, "column": 35 }, "end": { "line": 12, "column": 37 } }
    },
    "fnMap": {
      "0": {
        "name": "(anonymous_0)",
        "decl": { "start": { "line": 8, "column": 37 }, "end": { "line": 8, "column": 38 } },
        "loc": { "start": { "line": 8, "column": 44 }, "end": { "line": 13, "column": 1 } },
        "line": 8
      },
      "1": {
        "name": "(anonymous_1)",
        "decl": { "start": { "line": 12, "column": 28 }, "end": { "line": 12, "column": 29 } },
        "loc": { "start": { "line": 12, "column": 35 }, "end": { "line": 12, "column": 37 } },
        "line": 12
      }
    },
    "branchMap": {},
    "s": { "0": 0, "1": 0, "2": 0, "3": 0 },
    "f": { "0": 0, "1": 0 },
    "b": {}
  },
  "C:\\Users\\rtsii\\CascadeProjects\\FlorAI-Mobile\\jest.simple.config.js": {
    "path": "C:\\Users\\rtsii\\CascadeProjects\\FlorAI-Mobile\\jest.simple.config.js",
    "statementMap": {
      "0": { "start": { "line": 2, "column": 0 }, "end": { "line": 18, "column": 2 } }
    },
    "fnMap": {},
    "branchMap": {},
    "s": { "0": 0 },
    "f": {},
    "b": {}
  },
  "C:\\Users\\rtsii\\CascadeProjects\\FlorAI-Mobile\\metro.config.js": {
    "path": "C:\\Users\\rtsii\\CascadeProjects\\FlorAI-Mobile\\metro.config.js",
    "statementMap": {
      "0": { "start": { "line": 1, "column": 29 }, "end": { "line": 1, "column": 57 } },
      "1": { "start": { "line": 2, "column": 13 }, "end": { "line": 2, "column": 28 } },
      "2": { "start": { "line": 5, "column": 0 }, "end": { "line": 50, "column": 5 } },
      "3": { "start": { "line": 6, "column": 17 }, "end": { "line": 6, "column": 44 } },
      "4": { "start": { "line": 9, "column": 2 }, "end": { "line": 23, "column": 4 } },
      "5": { "start": { "line": 13, "column": 8 }, "end": { "line": 13, "column": 50 } },
      "6": { "start": { "line": 13, "column": 38 }, "end": { "line": 13, "column": 50 } },
      "7": { "start": { "line": 15, "column": 8 }, "end": { "line": 18, "column": 9 } },
      "8": { "start": { "line": 16, "column": 29 }, "end": { "line": 16, "column": 71 } },
      "9": { "start": { "line": 17, "column": 10 }, "end": { "line": 17, "column": 28 } },
      "10": { "start": { "line": 20, "column": 8 }, "end": { "line": 20, "column": 64 } },
      "11": { "start": { "line": 26, "column": 2 }, "end": { "line": 33, "column": 4 } },
      "12": { "start": { "line": 36, "column": 2 }, "end": { "line": 43, "column": 4 } },
      "13": { "start": { "line": 46, "column": 2 }, "end": { "line": 46, "column": 49 } },
      "14": { "start": { "line": 47, "column": 2 }, "end": { "line": 47, "column": 55 } },
      "15": { "start": { "line": 49, "column": 2 }, "end": { "line": 49, "column": 16 } }
    },
    "fnMap": {
      "0": {
        "name": "(anonymous_0)",
        "decl": { "start": { "line": 5, "column": 18 }, "end": { "line": 5, "column": 19 } },
        "loc": { "start": { "line": 5, "column": 24 }, "end": { "line": 50, "column": 1 } },
        "line": 5
      },
      "1": {
        "name": "(anonymous_1)",
        "decl": { "start": { "line": 12, "column": 11 }, "end": { "line": 12, "column": 12 } },
        "loc": { "start": { "line": 12, "column": 29 }, "end": { "line": 21, "column": 7 } },
        "line": 12
      }
    },
    "branchMap": {
      "0": {
        "loc": { "start": { "line": 13, "column": 8 }, "end": { "line": 13, "column": 50 } },
        "type": "if",
        "locations": [
          { "start": { "line": 13, "column": 8 }, "end": { "line": 13, "column": 50 } },
          { "start": {}, "end": {} }
        ],
        "line": 13
      },
      "1": {
        "loc": { "start": { "line": 15, "column": 8 }, "end": { "line": 18, "column": 9 } },
        "type": "if",
        "locations": [
          { "start": { "line": 15, "column": 8 }, "end": { "line": 18, "column": 9 } },
          { "start": {}, "end": {} }
        ],
        "line": 15
      }
    },
    "s": {
      "0": 0,
      "1": 0,
      "2": 0,
      "3": 0,
      "4": 0,
      "5": 0,
      "6": 0,
      "7": 0,
      "8": 0,
      "9": 0,
      "10": 0,
      "11": 0,
      "12": 0,
      "13": 0,
      "14": 0,
      "15": 0
    },
    "f": { "0": 0, "1": 0 },
    "b": { "0": [0, 0], "1": [0, 0] }
  },
  "C:\\Users\\rtsii\\CascadeProjects\\FlorAI-Mobile\\simple-react-test-2.js": {
    "path": "C:\\Users\\rtsii\\CascadeProjects\\FlorAI-Mobile\\simple-react-test-2.js",
    "statementMap": {
      "0": { "start": { "line": 4, "column": 0 }, "end": { "line": 9, "column": 3 } },
      "1": { "start": { "line": 5, "column": 2 }, "end": { "line": 5, "column": 46 } },
      "2": { "start": { "line": 6, "column": 18 }, "end": { "line": 6, "column": 67 } },
      "3": { "start": { "line": 7, "column": 2 }, "end": { "line": 7, "column": 31 } },
      "4": { "start": { "line": 8, "column": 2 }, "end": { "line": 8, "column": 55 } }
    },
    "fnMap": {
      "0": {
        "name": "(anonymous_0)",
        "decl": { "start": { "line": 4, "column": 26 }, "end": { "line": 4, "column": 27 } },
        "loc": { "start": { "line": 4, "column": 32 }, "end": { "line": 9, "column": 1 } },
        "line": 4
      }
    },
    "branchMap": {},
    "s": { "0": 0, "1": 0, "2": 0, "3": 0, "4": 0 },
    "f": { "0": 0 },
    "b": {}
  },
  "C:\\Users\\rtsii\\CascadeProjects\\FlorAI-Mobile\\simple-react-test.jsx": {
    "path": "C:\\Users\\rtsii\\CascadeProjects\\FlorAI-Mobile\\simple-react-test.jsx",
    "statementMap": {
      "0": { "start": { "line": 6, "column": 19 }, "end": { "line": 10, "column": 1 } },
      "1": { "start": { "line": 7, "column": 2 }, "end": { "line": 9, "column": 9 } },
      "2": { "start": { "line": 12, "column": 0 }, "end": { "line": 18, "column": 3 } },
      "3": { "start": { "line": 13, "column": 2 }, "end": { "line": 17, "column": 5 } },
      "4": { "start": { "line": 14, "column": 4 }, "end": { "line": 14, "column": 27 } },
      "5": { "start": { "line": 15, "column": 20 }, "end": { "line": 15, "column": 53 } },
      "6": { "start": { "line": 16, "column": 4 }, "end": { "line": 16, "column": 33 } }
    },
    "fnMap": {
      "0": {
        "name": "(anonymous_0)",
        "decl": { "start": { "line": 6, "column": 19 }, "end": { "line": 6, "column": 20 } },
        "loc": { "start": { "line": 7, "column": 2 }, "end": { "line": 9, "column": 9 } },
        "line": 7
      },
      "1": {
        "name": "(anonymous_1)",
        "decl": { "start": { "line": 12, "column": 33 }, "end": { "line": 12, "column": 34 } },
        "loc": { "start": { "line": 12, "column": 39 }, "end": { "line": 18, "column": 1 } },
        "line": 12
      },
      "2": {
        "name": "(anonymous_2)",
        "decl": { "start": { "line": 13, "column": 26 }, "end": { "line": 13, "column": 27 } },
        "loc": { "start": { "line": 13, "column": 32 }, "end": { "line": 17, "column": 3 } },
        "line": 13
      }
    },
    "branchMap": {},
    "s": { "0": 0, "1": 0, "2": 0, "3": 0, "4": 0, "5": 0, "6": 0 },
    "f": { "0": 0, "1": 0, "2": 0 },
    "b": {}
  },
  "C:\\Users\\rtsii\\CascadeProjects\\FlorAI-Mobile\\simple-test.js": {
    "path": "C:\\Users\\rtsii\\CascadeProjects\\FlorAI-Mobile\\simple-test.js",
    "statementMap": {
      "0": { "start": { "line": 2, "column": 0 }, "end": { "line": 2, "column": 50 } },
      "1": { "start": { "line": 4, "column": 0 }, "end": { "line": 7, "column": 3 } },
      "2": { "start": { "line": 5, "column": 2 }, "end": { "line": 5, "column": 40 } },
      "3": { "start": { "line": 6, "column": 2 }, "end": { "line": 6, "column": 24 } },
      "4": { "start": { "line": 10, "column": 0 }, "end": { "line": 14, "column": 9 } },
      "5": { "start": { "line": 11, "column": 2 }, "end": { "line": 11, "column": 46 } },
      "6": { "start": { "line": 12, "column": 2 }, "end": { "line": 12, "column": 57 } },
      "7": { "start": { "line": 12, "column": 31 }, "end": { "line": 12, "column": 55 } },
      "8": { "start": { "line": 13, "column": 2 }, "end": { "line": 13, "column": 26 } }
    },
    "fnMap": {
      "0": {
        "name": "(anonymous_0)",
        "decl": { "start": { "line": 4, "column": 44 }, "end": { "line": 4, "column": 45 } },
        "loc": { "start": { "line": 4, "column": 50 }, "end": { "line": 7, "column": 1 } },
        "line": 4
      },
      "1": {
        "name": "(anonymous_1)",
        "decl": { "start": { "line": 10, "column": 26 }, "end": { "line": 10, "column": 27 } },
        "loc": { "start": { "line": 10, "column": 38 }, "end": { "line": 14, "column": 1 } },
        "line": 10
      },
      "2": {
        "name": "(anonymous_2)",
        "decl": { "start": { "line": 12, "column": 20 }, "end": { "line": 12, "column": 21 } },
        "loc": { "start": { "line": 12, "column": 31 }, "end": { "line": 12, "column": 55 } },
        "line": 12
      }
    },
    "branchMap": {},
    "s": { "0": 0, "1": 0, "2": 0, "3": 0, "4": 0, "5": 0, "6": 0, "7": 0, "8": 0 },
    "f": { "0": 0, "1": 0, "2": 0 },
    "b": {}
  },
  "C:\\Users\\rtsii\\CascadeProjects\\FlorAI-Mobile\\test-api.js": {
    "path": "C:\\Users\\rtsii\\CascadeProjects\\FlorAI-Mobile\\test-api.js",
    "statementMap": {
      "0": { "start": { "line": 2, "column": 0 }, "end": { "line": 2, "column": 27 } },
      "1": { "start": { "line": 4, "column": 14 }, "end": { "line": 4, "column": 30 } },
      "2": { "start": { "line": 6, "column": 16 }, "end": { "line": 6, "column": 91 } },
      "3": { "start": { "line": 7, "column": 16 }, "end": { "line": 7, "column": 59 } },
      "4": { "start": { "line": 9, "column": 0 }, "end": { "line": 9, "column": 53 } },
      "5": { "start": { "line": 10, "column": 0 }, "end": { "line": 10, "column": 33 } },
      "6": { "start": { "line": 11, "column": 0 }, "end": { "line": 11, "column": 73 } },
      "7": { "start": { "line": 13, "column": 0 }, "end": { "line": 16, "column": 1 } },
      "8": { "start": { "line": 14, "column": 2 }, "end": { "line": 14, "column": 79 } },
      "9": { "start": { "line": 15, "column": 2 }, "end": { "line": 15, "column": 18 } },
      "10": { "start": { "line": 18, "column": 16 }, "end": { "line": 27, "column": 1 } },
      "11": { "start": { "line": 29, "column": 0 }, "end": { "line": 29, "column": 83 } },
      "12": { "start": { "line": 31, "column": 12 }, "end": { "line": 49, "column": 2 } },
      "13": { "start": { "line": 32, "column": 2 }, "end": { "line": 32, "column": 57 } },
      "14": { "start": { "line": 33, "column": 2 }, "end": { "line": 33, "column": 48 } },
      "15": { "start": { "line": 35, "column": 13 }, "end": { "line": 35, "column": 15 } },
      "16": { "start": { "line": 36, "column": 2 }, "end": { "line": 38, "column": 5 } },
      "17": { "start": { "line": 37, "column": 4 }, "end": { "line": 37, "column": 18 } },
      "18": { "start": { "line": 40, "column": 2 }, "end": { "line": 48, "column": 5 } },
      "19": { "start": { "line": 41, "column": 4 }, "end": { "line": 46, "column": 5 } },
      "20": { "start": { "line": 42, "column": 19 }, "end": { "line": 42, "column": 35 } },
      "21": { "start": { "line": 43, "column": 6 }, "end": { "line": 43, "column": 42 } },
      "22": { "start": { "line": 45, "column": 6 }, "end": { "line": 45, "column": 53 } },
      "23": { "start": { "line": 47, "column": 4 }, "end": { "line": 47, "column": 41 } },
      "24": { "start": { "line": 51, "column": 0 }, "end": { "line": 54, "column": 3 } },
      "25": { "start": { "line": 52, "column": 2 }, "end": { "line": 52, "column": 36 } },
      "26": { "start": { "line": 53, "column": 2 }, "end": { "line": 53, "column": 23 } },
      "27": { "start": { "line": 56, "column": 0 }, "end": { "line": 56, "column": 10 } }
    },
    "fnMap": {
      "0": {
        "name": "(anonymous_0)",
        "decl": { "start": { "line": 31, "column": 35 }, "end": { "line": 31, "column": 36 } },
        "loc": { "start": { "line": 31, "column": 44 }, "end": { "line": 49, "column": 1 } },
        "line": 31
      },
      "1": {
        "name": "(anonymous_1)",
        "decl": { "start": { "line": 36, "column": 17 }, "end": { "line": 36, "column": 18 } },
        "loc": { "start": { "line": 36, "column": 28 }, "end": { "line": 38, "column": 3 } },
        "line": 36
      },
      "2": {
        "name": "(anonymous_2)",
        "decl": { "start": { "line": 40, "column": 16 }, "end": { "line": 40, "column": 17 } },
        "loc": { "start": { "line": 40, "column": 22 }, "end": { "line": 48, "column": 3 } },
        "line": 40
      },
      "3": {
        "name": "(anonymous_3)",
        "decl": { "start": { "line": 51, "column": 16 }, "end": { "line": 51, "column": 17 } },
        "loc": { "start": { "line": 51, "column": 27 }, "end": { "line": 54, "column": 1 } },
        "line": 51
      }
    },
    "branchMap": {
      "0": {
        "loc": { "start": { "line": 6, "column": 16 }, "end": { "line": 6, "column": 91 } },
        "type": "binary-expr",
        "locations": [
          { "start": { "line": 6, "column": 16 }, "end": { "line": 6, "column": 59 } },
          { "start": { "line": 6, "column": 63 }, "end": { "line": 6, "column": 91 } }
        ],
        "line": 6
      },
      "1": {
        "loc": { "start": { "line": 11, "column": 24 }, "end": { "line": 11, "column": 71 } },
        "type": "cond-expr",
        "locations": [
          { "start": { "line": 11, "column": 34 }, "end": { "line": 11, "column": 59 } },
          { "start": { "line": 11, "column": 62 }, "end": { "line": 11, "column": 71 } }
        ],
        "line": 11
      },
      "2": {
        "loc": { "start": { "line": 13, "column": 0 }, "end": { "line": 16, "column": 1 } },
        "type": "if",
        "locations": [
          { "start": { "line": 13, "column": 0 }, "end": { "line": 16, "column": 1 } },
          { "start": {}, "end": {} }
        ],
        "line": 13
      }
    },
    "s": {
      "0": 0,
      "1": 0,
      "2": 0,
      "3": 0,
      "4": 0,
      "5": 0,
      "6": 0,
      "7": 0,
      "8": 0,
      "9": 0,
      "10": 0,
      "11": 0,
      "12": 0,
      "13": 0,
      "14": 0,
      "15": 0,
      "16": 0,
      "17": 0,
      "18": 0,
      "19": 0,
      "20": 0,
      "21": 0,
      "22": 0,
      "23": 0,
      "24": 0,
      "25": 0,
      "26": 0,
      "27": 0
    },
    "f": { "0": 0, "1": 0, "2": 0, "3": 0 },
    "b": { "0": [0, 0], "1": [0, 0], "2": [0, 0] }
  },
  "C:\\Users\\rtsii\\CascadeProjects\\FlorAI-Mobile\\test.js": {
    "path": "C:\\Users\\rtsii\\CascadeProjects\\FlorAI-Mobile\\test.js",
    "statementMap": {
      "0": { "start": { "line": 2, "column": 0 }, "end": { "line": 2, "column": 44 } },
      "1": { "start": { "line": 5, "column": 0 }, "end": { "line": 5, "column": 78 } },
      "2": { "start": { "line": 6, "column": 0 }, "end": { "line": 6, "column": 82 } },
      "3": { "start": { "line": 7, "column": 0 }, "end": { "line": 7, "column": 86 } },
      "4": { "start": { "line": 10, "column": 0 }, "end": { "line": 10, "column": 60 } },
      "5": { "start": { "line": 12, "column": 0 }, "end": { "line": 36, "column": 3 } },
      "6": { "start": { "line": 13, "column": 2 }, "end": { "line": 13, "column": 42 } },
      "7": { "start": { "line": 14, "column": 2 }, "end": { "line": 14, "column": 44 } },
      "8": { "start": { "line": 16, "column": 2 }, "end": { "line": 18, "column": 5 } },
      "9": { "start": { "line": 17, "column": 4 }, "end": { "line": 17, "column": 36 } },
      "10": { "start": { "line": 20, "column": 2 }, "end": { "line": 22, "column": 5 } },
      "11": { "start": { "line": 21, "column": 4 }, "end": { "line": 21, "column": 36 } },
      "12": { "start": { "line": 24, "column": 2 }, "end": { "line": 27, "column": 5 } },
      "13": { "start": { "line": 25, "column": 4 }, "end": { "line": 25, "column": 55 } },
      "14": { "start": { "line": 26, "column": 4 }, "end": { "line": 26, "column": 26 } },
      "15": { "start": { "line": 29, "column": 2 }, "end": { "line": 31, "column": 5 } },
      "16": { "start": { "line": 30, "column": 4 }, "end": { "line": 30, "column": 35 } },
      "17": { "start": { "line": 33, "column": 2 }, "end": { "line": 35, "column": 5 } },
      "18": { "start": { "line": 34, "column": 4 }, "end": { "line": 34, "column": 35 } }
    },
    "fnMap": {
      "0": {
        "name": "(anonymous_0)",
        "decl": { "start": { "line": 12, "column": 29 }, "end": { "line": 12, "column": 30 } },
        "loc": { "start": { "line": 12, "column": 35 }, "end": { "line": 36, "column": 1 } },
        "line": 12
      },
      "1": {
        "name": "(anonymous_1)",
        "decl": { "start": { "line": 16, "column": 12 }, "end": { "line": 16, "column": 13 } },
        "loc": { "start": { "line": 16, "column": 18 }, "end": { "line": 18, "column": 3 } },
        "line": 16
      },
      "2": {
        "name": "(anonymous_2)",
        "decl": { "start": { "line": 20, "column": 13 }, "end": { "line": 20, "column": 14 } },
        "loc": { "start": { "line": 20, "column": 19 }, "end": { "line": 22, "column": 3 } },
        "line": 20
      },
      "3": {
        "name": "(anonymous_3)",
        "decl": { "start": { "line": 24, "column": 32 }, "end": { "line": 24, "column": 33 } },
        "loc": { "start": { "line": 24, "column": 38 }, "end": { "line": 27, "column": 3 } },
        "line": 24
      },
      "4": {
        "name": "(anonymous_4)",
        "decl": { "start": { "line": 29, "column": 12 }, "end": { "line": 29, "column": 13 } },
        "loc": { "start": { "line": 29, "column": 18 }, "end": { "line": 31, "column": 3 } },
        "line": 29
      },
      "5": {
        "name": "(anonymous_5)",
        "decl": { "start": { "line": 33, "column": 11 }, "end": { "line": 33, "column": 12 } },
        "loc": { "start": { "line": 33, "column": 17 }, "end": { "line": 35, "column": 3 } },
        "line": 33
      }
    },
    "branchMap": {},
    "s": {
      "0": 0,
      "1": 0,
      "2": 0,
      "3": 0,
      "4": 0,
      "5": 0,
      "6": 0,
      "7": 0,
      "8": 0,
      "9": 0,
      "10": 0,
      "11": 0,
      "12": 0,
      "13": 0,
      "14": 0,
      "15": 0,
      "16": 0,
      "17": 0,
      "18": 0
    },
    "f": { "0": 0, "1": 0, "2": 0, "3": 0, "4": 0, "5": 0 },
    "b": {}
  },
  "C:\\Users\\rtsii\\CascadeProjects\\FlorAI-Mobile\\.expo\\metro\\polyfill.js": {
    "path": "C:\\Users\\rtsii\\CascadeProjects\\FlorAI-Mobile\\.expo\\metro\\polyfill.js",
    "statementMap": {
      "0": { "start": { "line": 1, "column": 0 }, "end": { "line": 1, "column": 81 } },
      "1": { "start": { "line": 1, "column": 76 }, "end": { "line": 1, "column": 80 } }
    },
    "fnMap": {
      "0": {
        "name": "(anonymous_0)",
        "decl": { "start": { "line": 1, "column": 70 }, "end": { "line": 1, "column": 71 } },
        "loc": { "start": { "line": 1, "column": 76 }, "end": { "line": 1, "column": 80 } },
        "line": 1
      }
    },
    "branchMap": {
      "0": {
        "loc": { "start": { "line": 1, "column": 28 }, "end": { "line": 1, "column": 80 } },
        "type": "cond-expr",
        "locations": [
          { "start": { "line": 1, "column": 60 }, "end": { "line": 1, "column": 67 } },
          { "start": { "line": 1, "column": 70 }, "end": { "line": 1, "column": 80 } }
        ],
        "line": 1
      }
    },
    "s": { "0": 0, "1": 0 },
    "f": { "0": 0 },
    "b": { "0": [0, 0] }
  },
  "C:\\Users\\rtsii\\CascadeProjects\\FlorAI-Mobile\\.expo\\metro\\polyfill.native.js": {
    "path": "C:\\Users\\rtsii\\CascadeProjects\\FlorAI-Mobile\\.expo\\metro\\polyfill.native.js",
    "statementMap": {
      "0": { "start": { "line": 1, "column": 0 }, "end": { "line": 1, "column": 155 } },
      "1": { "start": { "line": 1, "column": 43 }, "end": { "line": 1, "column": 154 } }
    },
    "fnMap": {
      "0": {
        "name": "(anonymous_0)",
        "decl": { "start": { "line": 1, "column": 28 }, "end": { "line": 1, "column": 29 } },
        "loc": { "start": { "line": 1, "column": 42 }, "end": { "line": 1, "column": 155 } },
        "line": 1
      }
    },
    "branchMap": {},
    "s": { "0": 0, "1": 0 },
    "f": { "0": 0 },
    "b": {}
  },
  "C:\\Users\\rtsii\\CascadeProjects\\FlorAI-Mobile\\.expo\\metro\\externals\\assert\\index.js": {
    "path": "C:\\Users\\rtsii\\CascadeProjects\\FlorAI-Mobile\\.expo\\metro\\externals\\assert\\index.js",
    "statementMap": {
      "0": { "start": { "line": 1, "column": 0 }, "end": { "line": 1, "column": 51 } }
    },
    "fnMap": {},
    "branchMap": {},
    "s": { "0": 0 },
    "f": {},
    "b": {}
  },
  "C:\\Users\\rtsii\\CascadeProjects\\FlorAI-Mobile\\.expo\\metro\\externals\\async_hooks\\index.js": {
    "path": "C:\\Users\\rtsii\\CascadeProjects\\FlorAI-Mobile\\.expo\\metro\\externals\\async_hooks\\index.js",
    "statementMap": {
      "0": { "start": { "line": 1, "column": 0 }, "end": { "line": 1, "column": 56 } }
    },
    "fnMap": {},
    "branchMap": {},
    "s": { "0": 0 },
    "f": {},
    "b": {}
  },
  "C:\\Users\\rtsii\\CascadeProjects\\FlorAI-Mobile\\.expo\\metro\\externals\\buffer\\index.js": {
    "path": "C:\\Users\\rtsii\\CascadeProjects\\FlorAI-Mobile\\.expo\\metro\\externals\\buffer\\index.js",
    "statementMap": {
      "0": { "start": { "line": 1, "column": 0 }, "end": { "line": 1, "column": 51 } }
    },
    "fnMap": {},
    "branchMap": {},
    "s": { "0": 0 },
    "f": {},
    "b": {}
  },
  "C:\\Users\\rtsii\\CascadeProjects\\FlorAI-Mobile\\.expo\\metro\\externals\\child_process\\index.js": {
    "path": "C:\\Users\\rtsii\\CascadeProjects\\FlorAI-Mobile\\.expo\\metro\\externals\\child_process\\index.js",
    "statementMap": {
      "0": { "start": { "line": 1, "column": 0 }, "end": { "line": 1, "column": 58 } }
    },
    "fnMap": {},
    "branchMap": {},
    "s": { "0": 0 },
    "f": {},
    "b": {}
  },
  "C:\\Users\\rtsii\\CascadeProjects\\FlorAI-Mobile\\.expo\\metro\\externals\\cluster\\index.js": {
    "path": "C:\\Users\\rtsii\\CascadeProjects\\FlorAI-Mobile\\.expo\\metro\\externals\\cluster\\index.js",
    "statementMap": {
      "0": { "start": { "line": 1, "column": 0 }, "end": { "line": 1, "column": 52 } }
    },
    "fnMap": {},
    "branchMap": {},
    "s": { "0": 0 },
    "f": {},
    "b": {}
  },
  "C:\\Users\\rtsii\\CascadeProjects\\FlorAI-Mobile\\.expo\\metro\\externals\\console\\index.js": {
    "path": "C:\\Users\\rtsii\\CascadeProjects\\FlorAI-Mobile\\.expo\\metro\\externals\\console\\index.js",
    "statementMap": {
      "0": { "start": { "line": 1, "column": 0 }, "end": { "line": 1, "column": 52 } }
    },
    "fnMap": {},
    "branchMap": {},
    "s": { "0": 0 },
    "f": {},
    "b": {}
  },
  "C:\\Users\\rtsii\\CascadeProjects\\FlorAI-Mobile\\.expo\\metro\\externals\\constants\\index.js": {
    "path": "C:\\Users\\rtsii\\CascadeProjects\\FlorAI-Mobile\\.expo\\metro\\externals\\constants\\index.js",
    "statementMap": {
      "0": { "start": { "line": 1, "column": 0 }, "end": { "line": 1, "column": 54 } }
    },
    "fnMap": {},
    "branchMap": {},
    "s": { "0": 0 },
    "f": {},
    "b": {}
  },
  "C:\\Users\\rtsii\\CascadeProjects\\FlorAI-Mobile\\.expo\\metro\\externals\\crypto\\index.js": {
    "path": "C:\\Users\\rtsii\\CascadeProjects\\FlorAI-Mobile\\.expo\\metro\\externals\\crypto\\index.js",
    "statementMap": {
      "0": { "start": { "line": 1, "column": 0 }, "end": { "line": 1, "column": 51 } }
    },
    "fnMap": {},
    "branchMap": {},
    "s": { "0": 0 },
    "f": {},
    "b": {}
  },
  "C:\\Users\\rtsii\\CascadeProjects\\FlorAI-Mobile\\.expo\\metro\\externals\\dgram\\index.js": {
    "path": "C:\\Users\\rtsii\\CascadeProjects\\FlorAI-Mobile\\.expo\\metro\\externals\\dgram\\index.js",
    "statementMap": {
      "0": { "start": { "line": 1, "column": 0 }, "end": { "line": 1, "column": 50 } }
    },
    "fnMap": {},
    "branchMap": {},
    "s": { "0": 0 },
    "f": {},
    "b": {}
  },
  "C:\\Users\\rtsii\\CascadeProjects\\FlorAI-Mobile\\.expo\\metro\\externals\\diagnostics_channel\\index.js": {
    "path": "C:\\Users\\rtsii\\CascadeProjects\\FlorAI-Mobile\\.expo\\metro\\externals\\diagnostics_channel\\index.js",
    "statementMap": {
      "0": { "start": { "line": 1, "column": 0 }, "end": { "line": 1, "column": 64 } }
    },
    "fnMap": {},
    "branchMap": {},
    "s": { "0": 0 },
    "f": {},
    "b": {}
  },
  "C:\\Users\\rtsii\\CascadeProjects\\FlorAI-Mobile\\.expo\\metro\\externals\\dns\\index.js": {
    "path": "C:\\Users\\rtsii\\CascadeProjects\\FlorAI-Mobile\\.expo\\metro\\externals\\dns\\index.js",
    "statementMap": {
      "0": { "start": { "line": 1, "column": 0 }, "end": { "line": 1, "column": 48 } }
    },
    "fnMap": {},
    "branchMap": {},
    "s": { "0": 0 },
    "f": {},
    "b": {}
  },
  "C:\\Users\\rtsii\\CascadeProjects\\FlorAI-Mobile\\.expo\\metro\\externals\\domain\\index.js": {
    "path": "C:\\Users\\rtsii\\CascadeProjects\\FlorAI-Mobile\\.expo\\metro\\externals\\domain\\index.js",
    "statementMap": {
      "0": { "start": { "line": 1, "column": 0 }, "end": { "line": 1, "column": 51 } }
    },
    "fnMap": {},
    "branchMap": {},
    "s": { "0": 0 },
    "f": {},
    "b": {}
  },
  "C:\\Users\\rtsii\\CascadeProjects\\FlorAI-Mobile\\.expo\\metro\\externals\\events\\index.js": {
    "path": "C:\\Users\\rtsii\\CascadeProjects\\FlorAI-Mobile\\.expo\\metro\\externals\\events\\index.js",
    "statementMap": {
      "0": { "start": { "line": 1, "column": 0 }, "end": { "line": 1, "column": 51 } }
    },
    "fnMap": {},
    "branchMap": {},
    "s": { "0": 0 },
    "f": {},
    "b": {}
  },
  "C:\\Users\\rtsii\\CascadeProjects\\FlorAI-Mobile\\.expo\\metro\\externals\\fs\\index.js": {
    "path": "C:\\Users\\rtsii\\CascadeProjects\\FlorAI-Mobile\\.expo\\metro\\externals\\fs\\index.js",
    "statementMap": {
      "0": { "start": { "line": 1, "column": 0 }, "end": { "line": 1, "column": 47 } }
    },
    "fnMap": {},
    "branchMap": {},
    "s": { "0": 0 },
    "f": {},
    "b": {}
  },
  "C:\\Users\\rtsii\\CascadeProjects\\FlorAI-Mobile\\.expo\\metro\\externals\\fs\\promises\\index.js": {
    "path": "C:\\Users\\rtsii\\CascadeProjects\\FlorAI-Mobile\\.expo\\metro\\externals\\fs\\promises\\index.js",
    "statementMap": {
      "0": { "start": { "line": 1, "column": 0 }, "end": { "line": 1, "column": 56 } }
    },
    "fnMap": {},
    "branchMap": {},
    "s": { "0": 0 },
    "f": {},
    "b": {}
  },
  "C:\\Users\\rtsii\\CascadeProjects\\FlorAI-Mobile\\.expo\\metro\\externals\\http\\index.js": {
    "path": "C:\\Users\\rtsii\\CascadeProjects\\FlorAI-Mobile\\.expo\\metro\\externals\\http\\index.js",
    "statementMap": {
      "0": { "start": { "line": 1, "column": 0 }, "end": { "line": 1, "column": 49 } }
    },
    "fnMap": {},
    "branchMap": {},
    "s": { "0": 0 },
    "f": {},
    "b": {}
  },
  "C:\\Users\\rtsii\\CascadeProjects\\FlorAI-Mobile\\.expo\\metro\\externals\\http2\\index.js": {
    "path": "C:\\Users\\rtsii\\CascadeProjects\\FlorAI-Mobile\\.expo\\metro\\externals\\http2\\index.js",
    "statementMap": {
      "0": { "start": { "line": 1, "column": 0 }, "end": { "line": 1, "column": 50 } }
    },
    "fnMap": {},
    "branchMap": {},
    "s": { "0": 0 },
    "f": {},
    "b": {}
  },
  "C:\\Users\\rtsii\\CascadeProjects\\FlorAI-Mobile\\.expo\\metro\\externals\\https\\index.js": {
    "path": "C:\\Users\\rtsii\\CascadeProjects\\FlorAI-Mobile\\.expo\\metro\\externals\\https\\index.js",
    "statementMap": {
      "0": { "start": { "line": 1, "column": 0 }, "end": { "line": 1, "column": 50 } }
    },
    "fnMap": {},
    "branchMap": {},
    "s": { "0": 0 },
    "f": {},
    "b": {}
  },
  "C:\\Users\\rtsii\\CascadeProjects\\FlorAI-Mobile\\.expo\\metro\\externals\\inspector\\index.js": {
    "path": "C:\\Users\\rtsii\\CascadeProjects\\FlorAI-Mobile\\.expo\\metro\\externals\\inspector\\index.js",
    "statementMap": {
      "0": { "start": { "line": 1, "column": 0 }, "end": { "line": 1, "column": 54 } }
    },
    "fnMap": {},
    "branchMap": {},
    "s": { "0": 0 },
    "f": {},
    "b": {}
  },
  "C:\\Users\\rtsii\\CascadeProjects\\FlorAI-Mobile\\.expo\\metro\\externals\\module\\index.js": {
    "path": "C:\\Users\\rtsii\\CascadeProjects\\FlorAI-Mobile\\.expo\\metro\\externals\\module\\index.js",
    "statementMap": {
      "0": { "start": { "line": 1, "column": 0 }, "end": { "line": 1, "column": 51 } }
    },
    "fnMap": {},
    "branchMap": {},
    "s": { "0": 0 },
    "f": {},
    "b": {}
  },
  "C:\\Users\\rtsii\\CascadeProjects\\FlorAI-Mobile\\.expo\\metro\\externals\\net\\index.js": {
    "path": "C:\\Users\\rtsii\\CascadeProjects\\FlorAI-Mobile\\.expo\\metro\\externals\\net\\index.js",
    "statementMap": {
      "0": { "start": { "line": 1, "column": 0 }, "end": { "line": 1, "column": 48 } }
    },
    "fnMap": {},
    "branchMap": {},
    "s": { "0": 0 },
    "f": {},
    "b": {}
  },
  "C:\\Users\\rtsii\\CascadeProjects\\FlorAI-Mobile\\.expo\\metro\\externals\\os\\index.js": {
    "path": "C:\\Users\\rtsii\\CascadeProjects\\FlorAI-Mobile\\.expo\\metro\\externals\\os\\index.js",
    "statementMap": {
      "0": { "start": { "line": 1, "column": 0 }, "end": { "line": 1, "column": 47 } }
    },
    "fnMap": {},
    "branchMap": {},
    "s": { "0": 0 },
    "f": {},
    "b": {}
  },
  "C:\\Users\\rtsii\\CascadeProjects\\FlorAI-Mobile\\.expo\\metro\\externals\\path\\index.js": {
    "path": "C:\\Users\\rtsii\\CascadeProjects\\FlorAI-Mobile\\.expo\\metro\\externals\\path\\index.js",
    "statementMap": {
      "0": { "start": { "line": 1, "column": 0 }, "end": { "line": 1, "column": 49 } }
    },
    "fnMap": {},
    "branchMap": {},
    "s": { "0": 0 },
    "f": {},
    "b": {}
  },
  "C:\\Users\\rtsii\\CascadeProjects\\FlorAI-Mobile\\.expo\\metro\\externals\\perf_hooks\\index.js": {
    "path": "C:\\Users\\rtsii\\CascadeProjects\\FlorAI-Mobile\\.expo\\metro\\externals\\perf_hooks\\index.js",
    "statementMap": {
      "0": { "start": { "line": 1, "column": 0 }, "end": { "line": 1, "column": 55 } }
    },
    "fnMap": {},
    "branchMap": {},
    "s": { "0": 0 },
    "f": {},
    "b": {}
  },
  "C:\\Users\\rtsii\\CascadeProjects\\FlorAI-Mobile\\.expo\\metro\\externals\\process\\index.js": {
    "path": "C:\\Users\\rtsii\\CascadeProjects\\FlorAI-Mobile\\.expo\\metro\\externals\\process\\index.js",
    "statementMap": {
      "0": { "start": { "line": 1, "column": 0 }, "end": { "line": 1, "column": 52 } }
    },
    "fnMap": {},
    "branchMap": {},
    "s": { "0": 0 },
    "f": {},
    "b": {}
  },
  "C:\\Users\\rtsii\\CascadeProjects\\FlorAI-Mobile\\.expo\\metro\\externals\\punycode\\index.js": {
    "path": "C:\\Users\\rtsii\\CascadeProjects\\FlorAI-Mobile\\.expo\\metro\\externals\\punycode\\index.js",
    "statementMap": {
      "0": { "start": { "line": 1, "column": 0 }, "end": { "line": 1, "column": 53 } }
    },
    "fnMap": {},
    "branchMap": {},
    "s": { "0": 0 },
    "f": {},
    "b": {}
  },
  "C:\\Users\\rtsii\\CascadeProjects\\FlorAI-Mobile\\.expo\\metro\\externals\\querystring\\index.js": {
    "path": "C:\\Users\\rtsii\\CascadeProjects\\FlorAI-Mobile\\.expo\\metro\\externals\\querystring\\index.js",
    "statementMap": {
      "0": { "start": { "line": 1, "column": 0 }, "end": { "line": 1, "column": 56 } }
    },
    "fnMap": {},
    "branchMap": {},
    "s": { "0": 0 },
    "f": {},
    "b": {}
  },
  "C:\\Users\\rtsii\\CascadeProjects\\FlorAI-Mobile\\.expo\\metro\\externals\\readline\\index.js": {
    "path": "C:\\Users\\rtsii\\CascadeProjects\\FlorAI-Mobile\\.expo\\metro\\externals\\readline\\index.js",
    "statementMap": {
      "0": { "start": { "line": 1, "column": 0 }, "end": { "line": 1, "column": 53 } }
    },
    "fnMap": {},
    "branchMap": {},
    "s": { "0": 0 },
    "f": {},
    "b": {}
  },
  "C:\\Users\\rtsii\\CascadeProjects\\FlorAI-Mobile\\.expo\\metro\\externals\\repl\\index.js": {
    "path": "C:\\Users\\rtsii\\CascadeProjects\\FlorAI-Mobile\\.expo\\metro\\externals\\repl\\index.js",
    "statementMap": {
      "0": { "start": { "line": 1, "column": 0 }, "end": { "line": 1, "column": 49 } }
    },
    "fnMap": {},
    "branchMap": {},
    "s": { "0": 0 },
    "f": {},
    "b": {}
  },
  "C:\\Users\\rtsii\\CascadeProjects\\FlorAI-Mobile\\.expo\\metro\\externals\\stream\\index.js": {
    "path": "C:\\Users\\rtsii\\CascadeProjects\\FlorAI-Mobile\\.expo\\metro\\externals\\stream\\index.js",
    "statementMap": {
      "0": { "start": { "line": 1, "column": 0 }, "end": { "line": 1, "column": 51 } }
    },
    "fnMap": {},
    "branchMap": {},
    "s": { "0": 0 },
    "f": {},
    "b": {}
  },
  "C:\\Users\\rtsii\\CascadeProjects\\FlorAI-Mobile\\.expo\\metro\\externals\\string_decoder\\index.js": {
    "path": "C:\\Users\\rtsii\\CascadeProjects\\FlorAI-Mobile\\.expo\\metro\\externals\\string_decoder\\index.js",
    "statementMap": {
      "0": { "start": { "line": 1, "column": 0 }, "end": { "line": 1, "column": 59 } }
    },
    "fnMap": {},
    "branchMap": {},
    "s": { "0": 0 },
    "f": {},
    "b": {}
  },
  "C:\\Users\\rtsii\\CascadeProjects\\FlorAI-Mobile\\.expo\\metro\\externals\\timers\\index.js": {
    "path": "C:\\Users\\rtsii\\CascadeProjects\\FlorAI-Mobile\\.expo\\metro\\externals\\timers\\index.js",
    "statementMap": {
      "0": { "start": { "line": 1, "column": 0 }, "end": { "line": 1, "column": 51 } }
    },
    "fnMap": {},
    "branchMap": {},
    "s": { "0": 0 },
    "f": {},
    "b": {}
  },
  "C:\\Users\\rtsii\\CascadeProjects\\FlorAI-Mobile\\.expo\\metro\\externals\\tls\\index.js": {
    "path": "C:\\Users\\rtsii\\CascadeProjects\\FlorAI-Mobile\\.expo\\metro\\externals\\tls\\index.js",
    "statementMap": {
      "0": { "start": { "line": 1, "column": 0 }, "end": { "line": 1, "column": 48 } }
    },
    "fnMap": {},
    "branchMap": {},
    "s": { "0": 0 },
    "f": {},
    "b": {}
  },
  "C:\\Users\\rtsii\\CascadeProjects\\FlorAI-Mobile\\.expo\\metro\\externals\\trace_events\\index.js": {
    "path": "C:\\Users\\rtsii\\CascadeProjects\\FlorAI-Mobile\\.expo\\metro\\externals\\trace_events\\index.js",
    "statementMap": {
      "0": { "start": { "line": 1, "column": 0 }, "end": { "line": 1, "column": 57 } }
    },
    "fnMap": {},
    "branchMap": {},
    "s": { "0": 0 },
    "f": {},
    "b": {}
  },
  "C:\\Users\\rtsii\\CascadeProjects\\FlorAI-Mobile\\.expo\\metro\\externals\\tty\\index.js": {
    "path": "C:\\Users\\rtsii\\CascadeProjects\\FlorAI-Mobile\\.expo\\metro\\externals\\tty\\index.js",
    "statementMap": {
      "0": { "start": { "line": 1, "column": 0 }, "end": { "line": 1, "column": 48 } }
    },
    "fnMap": {},
    "branchMap": {},
    "s": { "0": 0 },
    "f": {},
    "b": {}
  },
  "C:\\Users\\rtsii\\CascadeProjects\\FlorAI-Mobile\\.expo\\metro\\externals\\url\\index.js": {
    "path": "C:\\Users\\rtsii\\CascadeProjects\\FlorAI-Mobile\\.expo\\metro\\externals\\url\\index.js",
    "statementMap": {
      "0": { "start": { "line": 1, "column": 0 }, "end": { "line": 1, "column": 48 } }
    },
    "fnMap": {},
    "branchMap": {},
    "s": { "0": 0 },
    "f": {},
    "b": {}
  },
  "C:\\Users\\rtsii\\CascadeProjects\\FlorAI-Mobile\\.expo\\metro\\externals\\util\\index.js": {
    "path": "C:\\Users\\rtsii\\CascadeProjects\\FlorAI-Mobile\\.expo\\metro\\externals\\util\\index.js",
    "statementMap": {
      "0": { "start": { "line": 1, "column": 0 }, "end": { "line": 1, "column": 49 } }
    },
    "fnMap": {},
    "branchMap": {},
    "s": { "0": 0 },
    "f": {},
    "b": {}
  },
  "C:\\Users\\rtsii\\CascadeProjects\\FlorAI-Mobile\\.expo\\metro\\externals\\v8\\index.js": {
    "path": "C:\\Users\\rtsii\\CascadeProjects\\FlorAI-Mobile\\.expo\\metro\\externals\\v8\\index.js",
    "statementMap": {
      "0": { "start": { "line": 1, "column": 0 }, "end": { "line": 1, "column": 47 } }
    },
    "fnMap": {},
    "branchMap": {},
    "s": { "0": 0 },
    "f": {},
    "b": {}
  },
  "C:\\Users\\rtsii\\CascadeProjects\\FlorAI-Mobile\\.expo\\metro\\externals\\vm\\index.js": {
    "path": "C:\\Users\\rtsii\\CascadeProjects\\FlorAI-Mobile\\.expo\\metro\\externals\\vm\\index.js",
    "statementMap": {
      "0": { "start": { "line": 1, "column": 0 }, "end": { "line": 1, "column": 47 } }
    },
    "fnMap": {},
    "branchMap": {},
    "s": { "0": 0 },
    "f": {},
    "b": {}
  },
  "C:\\Users\\rtsii\\CascadeProjects\\FlorAI-Mobile\\.expo\\metro\\externals\\wasi\\index.js": {
    "path": "C:\\Users\\rtsii\\CascadeProjects\\FlorAI-Mobile\\.expo\\metro\\externals\\wasi\\index.js",
    "statementMap": {
      "0": { "start": { "line": 1, "column": 0 }, "end": { "line": 1, "column": 49 } }
    },
    "fnMap": {},
    "branchMap": {},
    "s": { "0": 0 },
    "f": {},
    "b": {}
  },
  "C:\\Users\\rtsii\\CascadeProjects\\FlorAI-Mobile\\.expo\\metro\\externals\\worker_threads\\index.js": {
    "path": "C:\\Users\\rtsii\\CascadeProjects\\FlorAI-Mobile\\.expo\\metro\\externals\\worker_threads\\index.js",
    "statementMap": {
      "0": { "start": { "line": 1, "column": 0 }, "end": { "line": 1, "column": 59 } }
    },
    "fnMap": {},
    "branchMap": {},
    "s": { "0": 0 },
    "f": {},
    "b": {}
  },
  "C:\\Users\\rtsii\\CascadeProjects\\FlorAI-Mobile\\.expo\\metro\\externals\\zlib\\index.js": {
    "path": "C:\\Users\\rtsii\\CascadeProjects\\FlorAI-Mobile\\.expo\\metro\\externals\\zlib\\index.js",
    "statementMap": {
      "0": { "start": { "line": 1, "column": 0 }, "end": { "line": 1, "column": 49 } }
    },
    "fnMap": {},
    "branchMap": {},
    "s": { "0": 0 },
    "f": {},
    "b": {}
  },
  "C:\\Users\\rtsii\\CascadeProjects\\FlorAI-Mobile\\.expo\\metro\\shims\\react-native-web\\dist\\cjs\\exports\\AppRegistry\\AppContainer.js": {
    "path": "C:\\Users\\rtsii\\CascadeProjects\\FlorAI-Mobile\\.expo\\metro\\shims\\react-native-web\\dist\\cjs\\exports\\AppRegistry\\AppContainer.js",
    "statementMap": {
      "0": { "start": { "line": 5, "column": 2 }, "end": { "line": 5, "column": 18 } },
      "1": { "start": { "line": 8, "column": 0 }, "end": { "line": 10, "column": 1 } },
      "2": { "start": { "line": 9, "column": 2 }, "end": { "line": 9, "column": 44 } },
      "3": { "start": { "line": 12, "column": 0 }, "end": { "line": 12, "column": 30 } },
      "4": { "start": { "line": 13, "column": 0 }, "end": { "line": 13, "column": 38 } }
    },
    "fnMap": {
      "0": {
        "name": "AppContainer",
        "decl": { "start": { "line": 4, "column": 9 }, "end": { "line": 4, "column": 21 } },
        "loc": { "start": { "line": 4, "column": 36 }, "end": { "line": 6, "column": 1 } },
        "line": 4
      }
    },
    "branchMap": {
      "0": {
        "loc": { "start": { "line": 8, "column": 0 }, "end": { "line": 10, "column": 1 } },
        "type": "if",
        "locations": [
          { "start": { "line": 8, "column": 0 }, "end": { "line": 10, "column": 1 } },
          { "start": {}, "end": {} }
        ],
        "line": 8
      }
    },
    "s": { "0": 0, "1": 0, "2": 0, "3": 0, "4": 0 },
    "f": { "0": 0 },
    "b": { "0": [0, 0] }
  },
  "C:\\Users\\rtsii\\CascadeProjects\\FlorAI-Mobile\\.expo\\metro\\shims\\react-native-web\\dist\\cjs\\exports\\BackHandler\\index.js": {
    "path": "C:\\Users\\rtsii\\CascadeProjects\\FlorAI-Mobile\\.expo\\metro\\shims\\react-native-web\\dist\\cjs\\exports\\BackHandler\\index.js",
    "statementMap": {
      "0": { "start": { "line": 3, "column": 0 }, "end": { "line": 3, "column": 54 } },
      "1": { "start": { "line": 4, "column": 18 }, "end": { "line": 8, "column": 3 } },
      "2": { "start": { "line": 6, "column": 29 }, "end": { "line": 6, "column": 54 } },
      "3": { "start": { "line": 9, "column": 13 }, "end": { "line": 9, "column": 24 } },
      "4": { "start": { "line": 10, "column": 0 }, "end": { "line": 10, "column": 65 } }
    },
    "fnMap": {
      "0": {
        "name": "emptyFunction",
        "decl": { "start": { "line": 2, "column": 9 }, "end": { "line": 2, "column": 22 } },
        "loc": { "start": { "line": 2, "column": 25 }, "end": { "line": 2, "column": 27 } },
        "line": 2
      },
      "1": {
        "name": "(anonymous_1)",
        "decl": { "start": { "line": 6, "column": 22 }, "end": { "line": 6, "column": 23 } },
        "loc": { "start": { "line": 6, "column": 29 }, "end": { "line": 6, "column": 54 } },
        "line": 6
      }
    },
    "branchMap": {},
    "s": { "0": 0, "1": 0, "2": 0, "3": 0, "4": 0 },
    "f": { "0": 0, "1": 0 },
    "b": {}
  },
  "C:\\Users\\rtsii\\CascadeProjects\\FlorAI-Mobile\\.expo\\metro\\shims\\react-native-web\\dist\\exports\\AppRegistry\\AppContainer.js": {
    "path": "C:\\Users\\rtsii\\CascadeProjects\\FlorAI-Mobile\\.expo\\metro\\shims\\react-native-web\\dist\\exports\\AppRegistry\\AppContainer.js",
    "statementMap": {
      "0": { "start": { "line": 5, "column": 2 }, "end": { "line": 5, "column": 18 } },
      "1": { "start": { "line": 8, "column": 0 }, "end": { "line": 10, "column": 1 } },
      "2": { "start": { "line": 9, "column": 2 }, "end": { "line": 9, "column": 44 } }
    },
    "fnMap": {
      "0": {
        "name": "AppContainer",
        "decl": { "start": { "line": 4, "column": 9 }, "end": { "line": 4, "column": 21 } },
        "loc": { "start": { "line": 4, "column": 36 }, "end": { "line": 6, "column": 1 } },
        "line": 4
      }
    },
    "branchMap": {
      "0": {
        "loc": { "start": { "line": 8, "column": 0 }, "end": { "line": 10, "column": 1 } },
        "type": "if",
        "locations": [
          { "start": { "line": 8, "column": 0 }, "end": { "line": 10, "column": 1 } },
          { "start": {}, "end": {} }
        ],
        "line": 8
      }
    },
    "s": { "0": 0, "1": 0, "2": 0 },
    "f": { "0": 0 },
    "b": { "0": [0, 0] }
  },
  "C:\\Users\\rtsii\\CascadeProjects\\FlorAI-Mobile\\.expo\\metro\\shims\\react-native-web\\dist\\exports\\BackHandler\\index.js": {
    "path": "C:\\Users\\rtsii\\CascadeProjects\\FlorAI-Mobile\\.expo\\metro\\shims\\react-native-web\\dist\\exports\\BackHandler\\index.js",
    "statementMap": {
      "0": { "start": { "line": 2, "column": 18 }, "end": { "line": 6, "column": 1 } },
      "1": { "start": { "line": 4, "column": 27 }, "end": { "line": 4, "column": 52 } }
    },
    "fnMap": {
      "0": {
        "name": "emptyFunction",
        "decl": { "start": { "line": 1, "column": 9 }, "end": { "line": 1, "column": 22 } },
        "loc": { "start": { "line": 1, "column": 25 }, "end": { "line": 1, "column": 27 } },
        "line": 1
      },
      "1": {
        "name": "(anonymous_1)",
        "decl": { "start": { "line": 4, "column": 20 }, "end": { "line": 4, "column": 21 } },
        "loc": { "start": { "line": 4, "column": 27 }, "end": { "line": 4, "column": 52 } },
        "line": 4
      }
    },
    "branchMap": {},
    "s": { "0": 0, "1": 0 },
    "f": { "0": 0, "1": 0 },
    "b": {}
  },
  "C:\\Users\\rtsii\\CascadeProjects\\FlorAI-Mobile\\scripts\\cleanup-jest-configs.js": {
    "path": "C:\\Users\\rtsii\\CascadeProjects\\FlorAI-Mobile\\scripts\\cleanup-jest-configs.js",
    "statementMap": {
      "0": { "start": { "line": 1, "column": 11 }, "end": { "line": 1, "column": 24 } },
      "1": { "start": { "line": 2, "column": 13 }, "end": { "line": 2, "column": 28 } },
      "2": { "start": { "line": 5, "column": 22 }, "end": { "line": 20, "column": 1 } },
      "3": { "start": { "line": 22, "column": 0 }, "end": { "line": 22, "column": 62 } },
      "4": { "start": { "line": 24, "column": 19 }, "end": { "line": 24, "column": 20 } },
      "5": { "start": { "line": 25, "column": 17 }, "end": { "line": 25, "column": 18 } },
      "6": { "start": { "line": 27, "column": 0 }, "end": { "line": 42, "column": 3 } },
      "7": { "start": { "line": 28, "column": 19 }, "end": { "line": 28, "column": 49 } },
      "8": { "start": { "line": 30, "column": 2 }, "end": { "line": 41, "column": 3 } },
      "9": { "start": { "line": 31, "column": 4 }, "end": { "line": 38, "column": 5 } },
      "10": { "start": { "line": 32, "column": 6 }, "end": { "line": 32, "column": 30 } },
      "11": { "start": { "line": 33, "column": 6 }, "end": { "line": 33, "column": 40 } },
      "12": { "start": { "line": 34, "column": 6 }, "end": { "line": 34, "column": 21 } },
      "13": { "start": { "line": 36, "column": 6 }, "end": { "line": 36, "column": 64 } },
      "14": { "start": { "line": 37, "column": 6 }, "end": { "line": 37, "column": 19 } },
      "15": { "start": { "line": 40, "column": 4 }, "end": { "line": 40, "column": 50 } },
      "16": { "start": { "line": 45, "column": 24 }, "end": { "line": 45, "column": 64 } },
      "17": { "start": { "line": 47, "column": 0 }, "end": { "line": 79, "column": 1 } },
      "18": { "start": { "line": 48, "column": 2 }, "end": { "line": 78, "column": 3 } },
      "19": { "start": { "line": 49, "column": 24 }, "end": { "line": 49, "column": 76 } },
      "20": { "start": { "line": 52, "column": 4 }, "end": { "line": 74, "column": 5 } },
      "21": { "start": { "line": 53, "column": 20 }, "end": { "line": 53, "column": 25 } },
      "22": { "start": { "line": 55, "column": 6 }, "end": { "line": 58, "column": 7 } },
      "23": { "start": { "line": 56, "column": 8 }, "end": { "line": 56, "column": 42 } },
      "24": { "start": { "line": 57, "column": 8 }, "end": { "line": 57, "column": 23 } },
      "25": { "start": { "line": 60, "column": 6 }, "end": { "line": 63, "column": 7 } },
      "26": { "start": { "line": 61, "column": 8 }, "end": { "line": 61, "column": 59 } },
      "27": { "start": { "line": 62, "column": 8 }, "end": { "line": 62, "column": 23 } },
      "28": { "start": { "line": 65, "column": 6 }, "end": { "line": 68, "column": 7 } },
      "29": { "start": { "line": 66, "column": 8 }, "end": { "line": 66, "column": 65 } },
      "30": { "start": { "line": 67, "column": 8 }, "end": { "line": 67, "column": 23 } },
      "31": { "start": { "line": 70, "column": 6 }, "end": { "line": 73, "column": 7 } },
      "32": { "start": { "line": 71, "column": 8 }, "end": { "line": 71, "column": 87 } },
      "33": { "start": { "line": 72, "column": 8 }, "end": { "line": 72, "column": 81 } },
      "34": { "start": { "line": 76, "column": 4 }, "end": { "line": 76, "column": 65 } },
      "35": { "start": { "line": 77, "column": 4 }, "end": { "line": 77, "column": 17 } },
      "36": { "start": { "line": 81, "column": 0 }, "end": { "line": 81, "column": 34 } },
      "37": { "start": { "line": 82, "column": 0 }, "end": { "line": 82, "column": 68 } },
      "38": { "start": { "line": 83, "column": 0 }, "end": { "line": 83, "column": 62 } },
      "39": { "start": { "line": 84, "column": 0 }, "end": { "line": 84, "column": 56 } },
      "40": { "start": { "line": 85, "column": 0 }, "end": { "line": 85, "column": 80 } },
      "41": { "start": { "line": 87, "column": 0 }, "end": { "line": 89, "column": 1 } },
      "42": { "start": { "line": 88, "column": 2 }, "end": { "line": 88, "column": 18 } }
    },
    "fnMap": {
      "0": {
        "name": "(anonymous_0)",
        "decl": { "start": { "line": 27, "column": 22 }, "end": { "line": 27, "column": 23 } },
        "loc": { "start": { "line": 27, "column": 30 }, "end": { "line": 42, "column": 1 } },
        "line": 27
      }
    },
    "branchMap": {
      "0": {
        "loc": { "start": { "line": 30, "column": 2 }, "end": { "line": 41, "column": 3 } },
        "type": "if",
        "locations": [
          { "start": { "line": 30, "column": 2 }, "end": { "line": 41, "column": 3 } },
          { "start": { "line": 39, "column": 9 }, "end": { "line": 41, "column": 3 } }
        ],
        "line": 30
      },
      "1": {
        "loc": { "start": { "line": 47, "column": 0 }, "end": { "line": 79, "column": 1 } },
        "type": "if",
        "locations": [
          { "start": { "line": 47, "column": 0 }, "end": { "line": 79, "column": 1 } },
          { "start": {}, "end": {} }
        ],
        "line": 47
      },
      "2": {
        "loc": { "start": { "line": 52, "column": 4 }, "end": { "line": 74, "column": 5 } },
        "type": "if",
        "locations": [
          { "start": { "line": 52, "column": 4 }, "end": { "line": 74, "column": 5 } },
          { "start": {}, "end": {} }
        ],
        "line": 52
      },
      "3": {
        "loc": { "start": { "line": 55, "column": 6 }, "end": { "line": 58, "column": 7 } },
        "type": "if",
        "locations": [
          { "start": { "line": 55, "column": 6 }, "end": { "line": 58, "column": 7 } },
          { "start": {}, "end": {} }
        ],
        "line": 55
      },
      "4": {
        "loc": { "start": { "line": 55, "column": 10 }, "end": { "line": 55, "column": 83 } },
        "type": "binary-expr",
        "locations": [
          { "start": { "line": 55, "column": 10 }, "end": { "line": 55, "column": 34 } },
          { "start": { "line": 55, "column": 38 }, "end": { "line": 55, "column": 83 } }
        ],
        "line": 55
      },
      "5": {
        "loc": { "start": { "line": 60, "column": 6 }, "end": { "line": 63, "column": 7 } },
        "type": "if",
        "locations": [
          { "start": { "line": 60, "column": 6 }, "end": { "line": 63, "column": 7 } },
          { "start": {}, "end": {} }
        ],
        "line": 60
      },
      "6": {
        "loc": { "start": { "line": 60, "column": 10 }, "end": { "line": 60, "column": 101 } },
        "type": "binary-expr",
        "locations": [
          { "start": { "line": 60, "column": 10 }, "end": { "line": 60, "column": 43 } },
          { "start": { "line": 60, "column": 47 }, "end": { "line": 60, "column": 101 } }
        ],
        "line": 60
      },
      "7": {
        "loc": { "start": { "line": 65, "column": 6 }, "end": { "line": 68, "column": 7 } },
        "type": "if",
        "locations": [
          { "start": { "line": 65, "column": 6 }, "end": { "line": 68, "column": 7 } },
          { "start": {}, "end": {} }
        ],
        "line": 65
      },
      "8": {
        "loc": { "start": { "line": 65, "column": 10 }, "end": { "line": 65, "column": 107 } },
        "type": "binary-expr",
        "locations": [
          { "start": { "line": 65, "column": 10 }, "end": { "line": 65, "column": 46 } },
          { "start": { "line": 65, "column": 50 }, "end": { "line": 65, "column": 107 } }
        ],
        "line": 65
      },
      "9": {
        "loc": { "start": { "line": 70, "column": 6 }, "end": { "line": 73, "column": 7 } },
        "type": "if",
        "locations": [
          { "start": { "line": 70, "column": 6 }, "end": { "line": 73, "column": 7 } },
          { "start": {}, "end": {} }
        ],
        "line": 70
      },
      "10": {
        "loc": { "start": { "line": 87, "column": 0 }, "end": { "line": 89, "column": 1 } },
        "type": "if",
        "locations": [
          { "start": { "line": 87, "column": 0 }, "end": { "line": 89, "column": 1 } },
          { "start": {}, "end": {} }
        ],
        "line": 87
      }
    },
    "s": {
      "0": 0,
      "1": 0,
      "2": 0,
      "3": 0,
      "4": 0,
      "5": 0,
      "6": 0,
      "7": 0,
      "8": 0,
      "9": 0,
      "10": 0,
      "11": 0,
      "12": 0,
      "13": 0,
      "14": 0,
      "15": 0,
      "16": 0,
      "17": 0,
      "18": 0,
      "19": 0,
      "20": 0,
      "21": 0,
      "22": 0,
      "23": 0,
      "24": 0,
      "25": 0,
      "26": 0,
      "27": 0,
      "28": 0,
      "29": 0,
      "30": 0,
      "31": 0,
      "32": 0,
      "33": 0,
      "34": 0,
      "35": 0,
      "36": 0,
      "37": 0,
      "38": 0,
      "39": 0,
      "40": 0,
      "41": 0,
      "42": 0
    },
    "f": { "0": 0 },
    "b": {
      "0": [0, 0],
      "1": [0, 0],
      "2": [0, 0],
      "3": [0, 0],
      "4": [0, 0],
      "5": [0, 0],
      "6": [0, 0],
      "7": [0, 0],
      "8": [0, 0],
      "9": [0, 0],
      "10": [0, 0]
    }
  },
  "C:\\Users\\rtsii\\CascadeProjects\\FlorAI-Mobile\\scripts\\debug-jest-config.js": {
    "path": "C:\\Users\\rtsii\\CascadeProjects\\FlorAI-Mobile\\scripts\\debug-jest-config.js",
    "statementMap": {
      "0": { "start": { "line": 1, "column": 21 }, "end": { "line": 1, "column": 45 } },
      "1": { "start": { "line": 2, "column": 11 }, "end": { "line": 2, "column": 24 } },
      "2": { "start": { "line": 3, "column": 13 }, "end": { "line": 3, "column": 28 } },
      "3": { "start": { "line": 6, "column": 22 }, "end": { "line": 32, "column": 1 } },
      "4": { "start": { "line": 35, "column": 27 }, "end": { "line": 44, "column": 1 } },
      "5": { "start": { "line": 48, "column": 25 }, "end": { "line": 48, "column": 71 } },
      "6": { "start": { "line": 49, "column": 2 }, "end": { "line": 49, "column": 91 } },
      "7": { "start": { "line": 51, "column": 2 }, "end": { "line": 65, "column": 3 } },
      "8": { "start": { "line": 52, "column": 19 }, "end": { "line": 56, "column": 6 } },
      "9": { "start": { "line": 57, "column": 4 }, "end": { "line": 57, "column": 37 } },
      "10": { "start": { "line": 59, "column": 4 }, "end": { "line": 62, "column": 6 } },
      "11": { "start": { "line": 61, "column": 51 }, "end": { "line": 61, "column": 70 } },
      "12": { "start": { "line": 64, "column": 4 }, "end": { "line": 64, "column": 55 } },
      "13": { "start": { "line": 64, "column": 10 }, "end": { "line": 64, "column": 40 } },
      "14": { "start": { "line": 70, "column": 22 }, "end": { "line": 70, "column": 42 } },
      "15": { "start": { "line": 71, "column": 26 }, "end": { "line": 71, "column": 46 } },
      "16": { "start": { "line": 73, "column": 2 }, "end": { "line": 121, "column": 3 } },
      "17": { "start": { "line": 74, "column": 4 }, "end": { "line": 74, "column": 52 } },
      "18": { "start": { "line": 77, "column": 4 }, "end": { "line": 108, "column": 5 } },
      "19": { "start": { "line": 78, "column": 6 }, "end": { "line": 78, "column": 41 } },
      "20": { "start": { "line": 79, "column": 11 }, "end": { "line": 108, "column": 5 } },
      "21": { "start": { "line": 80, "column": 6 }, "end": { "line": 82, "column": 8 } },
      "22": { "start": { "line": 83, "column": 11 }, "end": { "line": 108, "column": 5 } },
      "23": { "start": { "line": 84, "column": 6 }, "end": { "line": 87, "column": 8 } },
      "24": { "start": { "line": 88, "column": 11 }, "end": { "line": 108, "column": 5 } },
      "25": { "start": { "line": 89, "column": 6 }, "end": { "line": 89, "column": 88 } },
      "26": { "start": { "line": 90, "column": 11 }, "end": { "line": 108, "column": 5 } },
      "27": { "start": { "line": 91, "column": 6 }, "end": { "line": 93, "column": 8 } },
      "28": { "start": { "line": 94, "column": 11 }, "end": { "line": 108, "column": 5 } },
      "29": { "start": { "line": 95, "column": 6 }, "end": { "line": 95, "column": 43 } },
[...]
        ],
        "line": 5
      },
      "1": {
        "loc": { "start": { "line": 13, "column": 4 }, "end": { "line": 13, "column": 70 } },
        "type": "default-arg",
        "locations": [
          { "start": { "line": 13, "column": 21 }, "end": { "line": 13, "column": 70 } }
        ],
        "line": 13
      },
      "2": {
        "loc": { "start": { "line": 13, "column": 21 }, "end": { "line": 13, "column": 70 } },
        "type": "binary-expr",
        "locations": [
          { "start": { "line": 13, "column": 21 }, "end": { "line": 13, "column": 64 } },
          { "start": { "line": 13, "column": 68 }, "end": { "line": 13, "column": 70 } }
        ],
        "line": 13
      },
      "3": {
        "loc": { "start": { "line": 14, "column": 4 }, "end": { "line": 14, "column": 41 } },
        "type": "default-arg",
        "locations": [
          { "start": { "line": 14, "column": 22 }, "end": { "line": 14, "column": 41 } }
        ],
        "line": 14
      },
      "4": {
        "loc": { "start": { "line": 20, "column": 45 }, "end": { "line": 20, "column": 70 } },
        "type": "default-arg",
        "locations": [
          { "start": { "line": 20, "column": 68 }, "end": { "line": 20, "column": 70 } }
        ],
        "line": 20
      },
      "5": {
        "loc": { "start": { "line": 25, "column": 4 }, "end": { "line": 29, "column": 5 } },
        "type": "if",
        "locations": [
          { "start": { "line": 25, "column": 4 }, "end": { "line": 29, "column": 5 } },
          { "start": {}, "end": {} }
        ],
        "line": 25
      },
      "6": {
        "loc": { "start": { "line": 45, "column": 23 }, "end": { "line": 45, "column": 67 } },
        "type": "cond-expr",
        "locations": [
          { "start": { "line": 45, "column": 38 }, "end": { "line": 45, "column": 62 } },
          { "start": { "line": 45, "column": 65 }, "end": { "line": 45, "column": 67 } }
        ],
        "line": 45
      },
      "7": {
        "loc": { "start": { "line": 51, "column": 6 }, "end": { "line": 54, "column": 7 } },
        "type": "if",
        "locations": [
          { "start": { "line": 51, "column": 6 }, "end": { "line": 54, "column": 7 } },
          { "start": {}, "end": {} }
        ],
        "line": 51
      },
      "8": {
        "loc": { "start": { "line": 53, "column": 24 }, "end": { "line": 53, "column": 97 } },
        "type": "binary-expr",
        "locations": [
          { "start": { "line": 53, "column": 24 }, "end": { "line": 53, "column": 44 } },
          { "start": { "line": 53, "column": 48 }, "end": { "line": 53, "column": 97 } }
        ],
        "line": 53
      },
      "9": {
        "loc": { "start": { "line": 83, "column": 27 }, "end": { "line": 83, "column": 36 } },
        "type": "default-arg",
        "locations": [
          { "start": { "line": 83, "column": 35 }, "end": { "line": 83, "column": 36 } }
        ],
        "line": 83
      },
      "10": {
        "loc": { "start": { "line": 83, "column": 38 }, "end": { "line": 83, "column": 53 } },
        "type": "default-arg",
        "locations": [
          { "start": { "line": 83, "column": 50 }, "end": { "line": 83, "column": 53 } }
        ],
        "line": 83
      },
      "11": {
        "loc": { "start": { "line": 93, "column": 26 }, "end": { "line": 93, "column": 48 } },
        "type": "binary-expr",
        "locations": [
          { "start": { "line": 93, "column": 26 }, "end": { "line": 93, "column": 42 } },
          { "start": { "line": 93, "column": 46 }, "end": { "line": 93, "column": 48 } }
        ],
        "line": 93
      }
    },
    "s": {
      "0": 0,
      "1": 0,
      "2": 0,
      "3": 0,
      "4": 0,
      "5": 0,
      "6": 0,
      "7": 0,
      "8": 0,
      "9": 0,
      "10": 0,
      "11": 0,
      "12": 0,
      "13": 0,
      "14": 0,
      "15": 0,
      "16": 0,
      "17": 0,
      "18": 0,
      "19": 0,
      "20": 0,
      "21": 0,
      "22": 0,
      "23": 0,
      "24": 0,
      "25": 0,
      "26": 0,
      "27": 0,
      "28": 0,
      "29": 0,
      "30": 0,
      "31": 0
    },
    "f": { "0": 0, "1": 0, "2": 0, "3": 0, "4": 0, "5": 0, "6": 0, "7": 0 },
    "b": {
      "0": [0, 0],
      "1": [0],
      "2": [0, 0],
      "3": [0],
      "4": [0],
      "5": [0, 0],
      "6": [0, 0],
      "7": [0, 0],
      "8": [0, 0],
      "9": [0],
      "10": [0],
      "11": [0, 0]
    }
  },
  "C:\\Users\\rtsii\\CascadeProjects\\FlorAI-Mobile\\src\\services\\supermemory\\test.ts": {
    "path": "C:\\Users\\rtsii\\CascadeProjects\\FlorAI-Mobile\\src\\services\\supermemory\\test.ts",
    "statementMap": {
      "0": { "start": { "line": 3, "column": 0 }, "end": { "line": 3, "column": 16 } },
      "1": { "start": { "line": 6, "column": 0 }, "end": { "line": 6, "column": 38 } },
      "2": { "start": { "line": 7, "column": 0 }, "end": { "line": 7, "column": 47 } },
      "3": { "start": { "line": 8, "column": 0 }, "end": { "line": 8, "column": 93 } },
      "4": { "start": { "line": 9, "column": 0 }, "end": { "line": 14, "column": 2 } },
      "5": { "start": { "line": 16, "column": 31 }, "end": { "line": 16, "column": 43 } },
      "6": { "start": { "line": 19, "column": 17 }, "end": { "line": 19, "column": 32 } },
      "7": { "start": { "line": 20, "column": 22 }, "end": { "line": 20, "column": 81 } },
      "8": { "start": { "line": 21, "column": 36 }, "end": { "line": 21, "column": 40 } },
      "9": { "start": { "line": 23, "column": 2 }, "end": { "line": 88, "column": 3 } },
      "10": { "start": { "line": 25, "column": 4 }, "end": { "line": 25, "column": 58 } },
      "11": { "start": { "line": 26, "column": 19 }, "end": { "line": 34, "column": 6 } },
      "12": { "start": { "line": 36, "column": 4 }, "end": { "line": 36, "column": 29 } },
      "13": { "start": { "line": 37, "column": 4 }, "end": { "line": 37, "column": 68 } },
      "14": { "start": { "line": 40, "column": 4 }, "end": { "line": 40, "column": 55 } },
      "15": { "start": { "line": 41, "column": 28 }, "end": { "line": 41, "column": 76 } },
      "16": { "start": { "line": 42, "column": 4 }, "end": { "line": 47, "column": 7 } },
      "17": { "start": { "line": 50, "column": 4 }, "end": { "line": 50, "column": 56 } },
      "18": { "start": { "line": 51, "column": 26 }, "end": { "line": 54, "column": 6 } },
      "19": { "start": { "line": 56, "column": 4 }, "end": { "line": 56, "column": 69 } },
      "20": { "start": { "line": 57, "column": 4 }, "end": { "line": 63, "column": 5 } },
      "21": { "start": { "line": 58, "column": 6 }, "end": { "line": 62, "column": 9 } },
      "22": { "start": { "line": 65, "column": 4 }, "end": { "line": 65, "column": 57 } },
      "23": { "start": { "line": 67, "column": 4 }, "end": { "line": 67, "column": 49 } },
      "24": { "start": { "line": 68, "column": 4 }, "end": { "line": 74, "column": 5 } },
      "25": { "start": { "line": 69, "column": 6 }, "end": { "line": 69, "column": 47 } },
      "26": { "start": { "line": 70, "column": 6 }, "end": { "line": 70, "column": 53 } },
      "27": { "start": { "line": 71, "column": 6 }, "end": { "line": 71, "column": 49 } },
      "28": { "start": { "line": 73, "column": 6 }, "end": { "line": 73, "column": 45 } },
      "29": { "start": { "line": 75, "column": 4 }, "end": { "line": 75, "column": 20 } },
      "30": { "start": { "line": 78, "column": 4 }, "end": { "line": 86, "column": 5 } },
      "31": { "start": { "line": 79, "column": 6 }, "end": { "line": 85, "column": 7 } },
      "32": { "start": { "line": 80, "column": 8 }, "end": { "line": 80, "column": 63 } },
      "33": { "start": { "line": 81, "column": 8 }, "end": { "line": 81, "column": 60 } },
      "34": { "start": { "line": 82, "column": 8 }, "end": { "line": 82, "column": 58 } },
      "35": { "start": { "line": 84, "column": 8 }, "end": { "line": 84, "column": 73 } },
      "36": { "start": { "line": 87, "column": 4 }, "end": { "line": 87, "column": 20 } },
      "37": { "start": { "line": 92, "column": 0 }, "end": { "line": 92, "column": 57 } },
      "38": { "start": { "line": 93, "column": 0 }, "end": { "line": 93, "column": 18 } }
    },
    "fnMap": {
      "0": {
        "name": "testSupermemory",
        "decl": { "start": { "line": 18, "column": 15 }, "end": { "line": 18, "column": 30 } },
        "loc": { "start": { "line": 18, "column": 33 }, "end": { "line": 89, "column": 1 } },
        "line": 18
      }
    },
    "branchMap": {
      "0": {
        "loc": { "start": { "line": 11, "column": 2 }, "end": { "line": 13, "column": 15 } },
        "type": "cond-expr",
        "locations": [
          { "start": { "line": 12, "column": 6 }, "end": { "line": 12, "column": 74 } },
          { "start": { "line": 13, "column": 6 }, "end": { "line": 13, "column": 15 } }
        ],
        "line": 11
      },
      "1": {
        "loc": { "start": { "line": 57, "column": 4 }, "end": { "line": 63, "column": 5 } },
        "type": "if",
        "locations": [
          { "start": { "line": 57, "column": 4 }, "end": { "line": 63, "column": 5 } },
          { "start": {}, "end": {} }
        ],
        "line": 57
      },
      "2": {
        "loc": { "start": { "line": 68, "column": 4 }, "end": { "line": 74, "column": 5 } },
        "type": "if",
        "locations": [
          { "start": { "line": 68, "column": 4 }, "end": { "line": 74, "column": 5 } },
          { "start": { "line": 72, "column": 11 }, "end": { "line": 74, "column": 5 } }
        ],
        "line": 68
      },
      "3": {
        "loc": { "start": { "line": 78, "column": 4 }, "end": { "line": 86, "column": 5 } },
        "type": "if",
        "locations": [
          { "start": { "line": 78, "column": 4 }, "end": { "line": 86, "column": 5 } },
          { "start": {}, "end": {} }
        ],
        "line": 78
      }
    },
    "s": {
      "0": 0,
      "1": 0,
      "2": 0,
      "3": 0,
      "4": 0,
      "5": 0,
      "6": 0,
      "7": 0,
      "8": 0,
      "9": 0,
      "10": 0,
      "11": 0,
      "12": 0,
      "13": 0,
      "14": 0,
      "15": 0,
      "16": 0,
      "17": 0,
      "18": 0,
      "19": 0,
      "20": 0,
      "21": 0,
      "22": 0,
      "23": 0,
      "24": 0,
      "25": 0,
      "26": 0,
      "27": 0,
      "28": 0,
      "29": 0,
      "30": 0,
      "31": 0,
      "32": 0,
      "33": 0,
      "34": 0,
      "35": 0,
      "36": 0,
      "37": 0,
      "38": 0
    },
    "f": { "0": 0 },
    "b": { "0": [0, 0], "1": [0, 0], "2": [0, 0], "3": [0, 0] }
  },
  "C:\\Users\\rtsii\\CascadeProjects\\FlorAI-Mobile\\src\\services\\supermemory\\types.ts": {
    "path": "C:\\Users\\rtsii\\CascadeProjects\\FlorAI-Mobile\\src\\services\\supermemory\\types.ts",
    "statementMap": {},
    "fnMap": {},
    "branchMap": {},
    "s": {},
    "f": {},
    "b": {}
  },
  "C:\\Users\\rtsii\\CascadeProjects\\FlorAI-Mobile\\src\\theme\\designTokens.ts": {
    "path": "C:\\Users\\rtsii\\CascadeProjects\\FlorAI-Mobile\\src\\theme\\designTokens.ts",
    "statementMap": {
      "0": { "start": { "line": 50, "column": 38 }, "end": { "line": 99, "column": 1 } },
      "1": { "start": { "line": 102, "column": 26 }, "end": { "line": 198, "column": 10 } },
      "2": { "start": { "line": 201, "column": 23 }, "end": { "line": 209, "column": 10 } },
      "3": { "start": { "line": 212, "column": 28 }, "end": { "line": 219, "column": 10 } },
      "4": { "start": { "line": 222, "column": 25 }, "end": { "line": 229, "column": 10 } },
      "5": { "start": { "line": 232, "column": 25 }, "end": { "line": 244, "column": 10 } },
      "6": { "start": { "line": 257, "column": 27 }, "end": { "line": 269, "column": 2 } },
      "7": { "start": { "line": 257, "column": 44 }, "end": { "line": 269, "column": 1 } },
      "8": { "start": { "line": 272, "column": 21 }, "end": { "line": 272, "column": 34 } }
    },
    "fnMap": {
      "0": {
        "name": "(anonymous_0)",
        "decl": { "start": { "line": 257, "column": 27 }, "end": { "line": 257, "column": 28 } },
        "loc": { "start": { "line": 257, "column": 44 }, "end": { "line": 269, "column": 1 } },
        "line": 257
      }
    },
    "branchMap": {},
    "s": { "0": 0, "1": 0, "2": 0, "3": 0, "4": 0, "5": 0, "6": 0, "7": 0, "8": 0 },
    "f": { "0": 0 },
    "b": {}
  },
  "C:\\Users\\rtsii\\CascadeProjects\\FlorAI-Mobile\\src\\theme\\index.ts": {
    "path": "C:\\Users\\rtsii\\CascadeProjects\\FlorAI-Mobile\\src\\theme\\index.ts",
    "statementMap": {
      "0": { "start": { "line": 11, "column": 27 }, "end": { "line": 54, "column": 1 } },
      "1": { "start": { "line": 57, "column": 26 }, "end": { "line": 100, "column": 1 } },
      "2": { "start": { "line": 103, "column": 20 }, "end": { "line": 142, "column": 1 } },
      "3": { "start": { "line": 145, "column": 26 }, "end": { "line": 150, "column": 1 } },
      "4": { "start": { "line": 153, "column": 25 }, "end": { "line": 158, "column": 1 } },
      "5": { "start": { "line": 164, "column": 28 }, "end": { "line": 164, "column": 38 } },
      "6": { "start": { "line": 167, "column": 30 }, "end": { "line": 167, "column": 63 } },
      "7": { "start": { "line": 167, "column": 51 }, "end": { "line": 167, "column": 63 } },
      "8": { "start": { "line": 170, "column": 26 }, "end": { "line": 171, "column": 21 } },
      "9": { "start": { "line": 171, "column": 2 }, "end": { "line": 171, "column": 21 } },
      "10": { "start": { "line": 174, "column": 31 }, "end": { "line": 175, "column": 25 } },
      "11": { "start": { "line": 175, "column": 2 }, "end": { "line": 175, "column": 25 } }
    },
    "fnMap": {
      "0": {
        "name": "(anonymous_0)",
        "decl": { "start": { "line": 167, "column": 30 }, "end": { "line": 167, "column": 31 } },
        "loc": { "start": { "line": 167, "column": 51 }, "end": { "line": 167, "column": 63 } },
        "line": 167
      },
      "1": {
        "name": "(anonymous_1)",
        "decl": { "start": { "line": 170, "column": 26 }, "end": { "line": 170, "column": 27 } },
        "loc": { "start": { "line": 171, "column": 2 }, "end": { "line": 171, "column": 21 } },
        "line": 171
      },
      "2": {
        "name": "(anonymous_2)",
        "decl": { "start": { "line": 174, "column": 31 }, "end": { "line": 174, "column": 32 } },
        "loc": { "start": { "line": 175, "column": 2 }, "end": { "line": 175, "column": 25 } },
        "line": 175
      }
    },
    "branchMap": {},
    "s": {
      "0": 0,
      "1": 0,
      "2": 0,
      "3": 0,
      "4": 0,
      "5": 0,
      "6": 0,
      "7": 0,
      "8": 0,
      "9": 0,
      "10": 0,
      "11": 0
    },
    "f": { "0": 0, "1": 0, "2": 0 },
    "b": {}
  },
  "C:\\Users\\rtsii\\CascadeProjects\\FlorAI-Mobile\\src\\types\\custom.d.ts": {
    "path": "C:\\Users\\rtsii\\CascadeProjects\\FlorAI-Mobile\\src\\types\\custom.d.ts",
    "statementMap": {},
    "fnMap": {},
    "branchMap": {},
    "s": {},
    "f": {},
    "b": {}
  },
  "C:\\Users\\rtsii\\CascadeProjects\\FlorAI-Mobile\\src\\types\\global.d.ts": {
    "path": "C:\\Users\\rtsii\\CascadeProjects\\FlorAI-Mobile\\src\\types\\global.d.ts",
    "statementMap": {},
    "fnMap": {},
    "branchMap": {},
    "s": {},
    "f": {},
    "b": {}
  },
  "C:\\Users\\rtsii\\CascadeProjects\\FlorAI-Mobile\\src\\types\\index.ts": {
    "path": "C:\\Users\\rtsii\\CascadeProjects\\FlorAI-Mobile\\src\\types\\index.ts",
    "statementMap": {},
    "fnMap": {},
    "branchMap": {},
    "s": {},
    "f": {},
    "b": {}
  },
  "C:\\Users\\rtsii\\CascadeProjects\\FlorAI-Mobile\\test-project\\debug-test.js": {
    "path": "C:\\Users\\rtsii\\CascadeProjects\\FlorAI-Mobile\\test-project\\debug-test.js",
    "statementMap": {
      "0": { "start": { "line": 2, "column": 0 }, "end": { "line": 2, "column": 41 } },
      "1": { "start": { "line": 4, "column": 0 }, "end": { "line": 28, "column": 3 } },
      "2": { "start": { "line": 5, "column": 2 }, "end": { "line": 5, "column": 44 } },
      "3": { "start": { "line": 7, "column": 2 }, "end": { "line": 9, "column": 5 } },
      "4": { "start": { "line": 8, "column": 4 }, "end": { "line": 8, "column": 36 } },
      "5": { "start": { "line": 11, "column": 2 }, "end": { "line": 13, "column": 5 } },
      "6": { "start": { "line": 12, "column": 4 }, "end": { "line": 12, "column": 36 } },
      "7": { "start": { "line": 15, "column": 2 }, "end": { "line": 19, "column": 5 } },
      "8": { "start": { "line": 16, "column": 4 }, "end": { "line": 16, "column": 35 } },
      "9": { "start": { "line": 17, "column": 4 }, "end": { "line": 17, "column": 26 } },
      "10": { "start": { "line": 18, "column": 4 }, "end": { "line": 18, "column": 41 } },
      "11": { "start": { "line": 21, "column": 2 }, "end": { "line": 23, "column": 5 } },
      "12": { "start": { "line": 22, "column": 4 }, "end": { "line": 22, "column": 35 } },
      "13": { "start": { "line": 25, "column": 2 }, "end": { "line": 27, "column": 5 } },
      "14": { "start": { "line": 26, "column": 4 }, "end": { "line": 26, "column": 35 } }
    },
    "fnMap": {
      "0": {
        "name": "(anonymous_0)",
        "decl": { "start": { "line": 4, "column": 29 }, "end": { "line": 4, "column": 30 } },
        "loc": { "start": { "line": 4, "column": 35 }, "end": { "line": 28, "column": 1 } },
        "line": 4
      },
      "1": {
        "name": "(anonymous_1)",
        "decl": { "start": { "line": 7, "column": 12 }, "end": { "line": 7, "column": 13 } },
        "loc": { "start": { "line": 7, "column": 18 }, "end": { "line": 9, "column": 3 } },
        "line": 7
      },
      "2": {
        "name": "(anonymous_2)",
        "decl": { "start": { "line": 11, "column": 13 }, "end": { "line": 11, "column": 14 } },
        "loc": { "start": { "line": 11, "column": 19 }, "end": { "line": 13, "column": 3 } },
        "line": 11
      },
      "3": {
        "name": "(anonymous_3)",
        "decl": { "start": { "line": 15, "column": 35 }, "end": { "line": 15, "column": 36 } },
        "loc": { "start": { "line": 15, "column": 41 }, "end": { "line": 19, "column": 3 } },
        "line": 15
      },
      "4": {
        "name": "(anonymous_4)",
        "decl": { "start": { "line": 21, "column": 12 }, "end": { "line": 21, "column": 13 } },
        "loc": { "start": { "line": 21, "column": 18 }, "end": { "line": 23, "column": 3 } },
        "line": 21
      },
      "5": {
        "name": "(anonymous_5)",
        "decl": { "start": { "line": 25, "column": 11 }, "end": { "line": 25, "column": 12 } },
        "loc": { "start": { "line": 25, "column": 17 }, "end": { "line": 27, "column": 3 } },
        "line": 25
      }
    },
    "branchMap": {},
    "s": {
      "0": 0,
      "1": 0,
      "2": 0,
      "3": 0,
      "4": 0,
      "5": 0,
      "6": 0,
      "7": 0,
      "8": 0,
      "9": 0,
      "10": 0,
      "11": 0,
      "12": 0,
      "13": 0,
      "14": 0
    },
    "f": { "0": 0, "1": 0, "2": 0, "3": 0, "4": 0, "5": 0 },
    "b": {}
  },
  "C:\\Users\\rtsii\\CascadeProjects\\FlorAI-Mobile\\test-project\\test.js": {
    "path": "C:\\Users\\rtsii\\CascadeProjects\\FlorAI-Mobile\\test-project\\test.js",
    "statementMap": {
      "0": { "start": { "line": 2, "column": 0 }, "end": { "line": 6, "column": 3 } },
      "1": { "start": { "line": 3, "column": 2 }, "end": { "line": 3, "column": 33 } },
      "2": { "start": { "line": 4, "column": 2 }, "end": { "line": 4, "column": 24 } },
      "3": { "start": { "line": 5, "column": 2 }, "end": { "line": 5, "column": 32 } }
    },
    "fnMap": {
      "0": {
        "name": "(anonymous_0)",
        "decl": { "start": { "line": 2, "column": 30 }, "end": { "line": 2, "column": 31 } },
        "loc": { "start": { "line": 2, "column": 36 }, "end": { "line": 6, "column": 1 } },
        "line": 2
      }
    },
    "branchMap": {},
    "s": { "0": 0, "1": 0, "2": 0, "3": 0 },
    "f": { "0": 0 },
    "b": {}
  }
}
