TN:
SF:.eslintrc.js
FNF:0
FNH:0
DA:1,0
LF:1
LH:0
BRF:0
BRH:0
end_of_record
TN:
SF:.prettierrc.js
FNF:0
FNH:0
DA:1,0
LF:1
LH:0
BRF:0
BRH:0
end_of_record
TN:
SF:App.tsx
FN:51,(anonymous_0)
FN:88,(anonymous_1)
FN:89,(anonymous_2)
FN:93,(anonymous_3)
FN:97,(anonymous_4)
FNF:5
FNH:0
FNDA:0,(anonymous_0)
FNDA:0,(anonymous_1)
FNDA:0,(anonymous_2)
FNDA:0,(anonymous_3)
FNDA:0,(anonymous_4)
DA:23,0
DA:44,0
DA:51,0
DA:52,0
DA:61,0
DA:74,0
DA:88,0
DA:89,0
DA:90,0
DA:92,0
DA:93,0
DA:97,0
DA:99,0
DA:101,0
LF:14
LH:0
BRF:0
BRH:0
end_of_record
TN:
SF:babel.test.config.js
FNF:0
FNH:0
DA:2,0
LF:1
LH:0
BRF:0
BRH:0
end_of_record
TN:
SF:commitlint.config.js
FNF:0
FNH:0
DA:1,0
LF:1
LH:0
BRF:0
BRH:0
end_of_record
TN:
SF:debug-api.js
FN:24,(anonymous_0)
FN:40,(anonymous_1)
FN:46,(anonymous_2)
FN:50,(anonymous_3)
FN:55,testHttpsRequest
FN:82,(anonymous_5)
FN:88,(anonymous_6)
FN:92,(anonymous_7)
FN:103,(anonymous_8)
FN:104,(anonymous_9)
FN:115,(anonymous_10)
FN:126,(anonymous_11)
FN:135,(anonymous_12)
FNF:13
FNH:0
FNDA:0,(anonymous_0)
FNDA:0,(anonymous_1)
FNDA:0,(anonymous_2)
FNDA:0,(anonymous_3)
FNDA:0,testHttpsRequest
FNDA:0,(anonymous_5)
FNDA:0,(anonymous_6)
FNDA:0,(anonymous_7)
FNDA:0,(anonymous_8)
FNDA:0,(anonymous_9)
FNDA:0,(anonymous_10)
FNDA:0,(anonymous_11)
FNDA:0,(anonymous_12)
DA:2,0
DA:4,0
DA:5,0
DA:8,0
DA:9,0
DA:11,0
DA:12,0
DA:13,0
DA:14,0
DA:15,0
DA:17,0
DA:18,0
DA:19,0
DA:23,0
DA:24,0
DA:25,0
DA:26,0
DA:27,0
DA:29,0
DA:33,0
DA:34,0
DA:40,0
DA:41,0
DA:42,0
DA:43,0
DA:46,0
DA:47,0
DA:50,0
DA:51,0
DA:52,0
DA:56,0
DA:58,0
DA:71,0
DA:82,0
DA:83,0
DA:84,0
DA:85,0
DA:87,0
DA:88,0
DA:89,0
DA:92,0
DA:93,0
DA:94,0
DA:95,0
DA:96,0
DA:98,0
DA:103,0
DA:104,0
DA:105,0
DA:106,0
DA:107,0
DA:108,0
DA:109,0
DA:110,0
DA:115,0
DA:116,0
DA:117,0
DA:118,0
DA:119,0
DA:120,0
DA:121,0
DA:122,0
DA:123,0
DA:126,0
DA:127,0
DA:128,0
DA:131,0
DA:135,0
DA:136,0
DA:137,0
LF:70
LH:0
BRDA:8,0,0,0
BRDA:8,0,1,0
BRDA:15,1,0,0
BRDA:15,1,1,0
BRDA:17,2,0,0
BRDA:17,2,1,0
BRDA:25,3,0,0
BRDA:25,3,1,0
BRDA:98,4,0,0
BRDA:98,4,1,0
BRDA:108,5,0,0
BRDA:108,5,1,0
BRDA:109,6,0,0
BRDA:109,6,1,0
BRDA:119,7,0,0
BRDA:119,7,1,0
BRDA:120,8,0,0
BRDA:120,8,1,0
BRDA:121,9,0,0
BRDA:121,9,1,0
BRDA:122,10,0,0
BRDA:122,10,1,0
BRDA:123,11,0,0
BRDA:123,11,1,0
BRF:24
BRH:0
end_of_record
TN:
SF:debug-test.js
FN:4,(anonymous_0)
FNF:1
FNH:0
FNDA:0,(anonymous_0)
DA:2,0
DA:4,0
DA:5,0
DA:6,0
DA:7,0
LF:5
LH:0
BRF:0
BRH:0
end_of_record
TN:
SF:hello-deno.ts
FNF:0
FNH:0
DA:2,0
DA:3,0
DA:6,0
DA:7,0
DA:8,0
LF:5
LH:0
BRF:0
BRH:0
end_of_record
TN:
SF:jest.bare.config.js
FNF:0
FNH:0
DA:2,0
LF:1
LH:0
BRF:0
BRH:0
end_of_record
TN:
SF:jest.config.js
FNF:0
FNH:0
DA:4,0
LF:1
LH:0
BRF:0
BRH:0
end_of_record
TN:
SF:jest.custom.config.js
FNF:0
FNH:0
DA:2,0
LF:1
LH:0
BRF:0
BRH:0
end_of_record
TN:
SF:jest.debug.config.js
FNF:0
FNH:0
DA:2,0
LF:1
LH:0
BRF:0
BRH:0
end_of_record
TN:
SF:jest.minimal.config.js
FNF:0
FNH:0
DA:2,0
LF:1
LH:0
BRF:0
BRH:0
end_of_record
TN:
SF:jest.react.config.js
FNF:0
FNH:0
DA:2,0
LF:1
LH:0
BRF:0
BRH:0
end_of_record
TN:
SF:jest.simple-setup.js
FN:8,(anonymous_0)
FN:12,(anonymous_1)
FNF:2
FNH:0
FNDA:0,(anonymous_0)
FNDA:0,(anonymous_1)
DA:2,0
DA:8,0
DA:12,0
LF:3
LH:0
BRF:0
BRH:0
end_of_record
TN:
SF:jest.simple.config.js
FNF:0
FNH:0
DA:2,0
LF:1
LH:0
BRF:0
BRH:0
end_of_record
TN:
SF:metro.config.js
FN:5,(anonymous_0)
FN:12,(anonymous_1)
FNF:2
FNH:0
FNDA:0,(anonymous_0)
FNDA:0,(anonymous_1)
DA:1,0
DA:2,0
DA:5,0
DA:6,0
DA:9,0
DA:13,0
DA:15,0
DA:16,0
DA:17,0
DA:20,0
DA:26,0
DA:36,0
DA:46,0
DA:47,0
DA:49,0
LF:15
LH:0
BRDA:13,0,0,0
BRDA:13,0,1,0
BRDA:15,1,0,0
BRDA:15,1,1,0
BRF:4
BRH:0
end_of_record
TN:
SF:simple-react-test-2.js
FN:4,(anonymous_0)
FNF:1
FNH:0
FNDA:0,(anonymous_0)
DA:4,0
DA:5,0
DA:6,0
DA:7,0
DA:8,0
LF:5
LH:0
BRF:0
BRH:0
end_of_record
TN:
SF:simple-react-test.jsx
FN:6,(anonymous_0)
FN:12,(anonymous_1)
FN:13,(anonymous_2)
FNF:3
FNH:0
FNDA:0,(anonymous_0)
FNDA:0,(anonymous_1)
FNDA:0,(anonymous_2)
DA:6,0
DA:7,0
DA:12,0
DA:13,0
DA:14,0
DA:15,0
DA:16,0
LF:7
LH:0
BRF:0
BRH:0
end_of_record
TN:
SF:simple-test.js
FN:4,(anonymous_0)
FN:10,(anonymous_1)
FN:12,(anonymous_2)
FNF:3
FNH:0
FNDA:0,(anonymous_0)
FNDA:0,(anonymous_1)
FNDA:0,(anonymous_2)
DA:2,0
DA:4,0
DA:5,0
DA:6,0
DA:10,0
DA:11,0
DA:12,0
DA:13,0
LF:8
LH:0
BRF:0
BRH:0
end_of_record
TN:
SF:test-api.js
FN:31,(anonymous_0)
FN:36,(anonymous_1)
FN:40,(anonymous_2)
FN:51,(anonymous_3)
FNF:4
FNH:0
FNDA:0,(anonymous_0)
FNDA:0,(anonymous_1)
FNDA:0,(anonymous_2)
FNDA:0,(anonymous_3)
DA:2,0
DA:4,0
DA:6,0
DA:7,0
DA:9,0
DA:10,0
DA:11,0
DA:13,0
DA:14,0
DA:15,0
DA:18,0
DA:29,0
DA:31,0
DA:32,0
DA:33,0
DA:35,0
DA:36,0
DA:37,0
DA:40,0
DA:41,0
DA:42,0
DA:43,0
DA:45,0
DA:47,0
DA:51,0
DA:52,0
DA:53,0
DA:56,0
LF:28
LH:0
BRDA:6,0,0,0
BRDA:6,0,1,0
BRDA:11,1,0,0
BRDA:11,1,1,0
BRDA:13,2,0,0
BRDA:13,2,1,0
BRF:6
BRH:0
end_of_record
TN:
SF:test.js
FN:12,(anonymous_0)
FN:16,(anonymous_1)
FN:20,(anonymous_2)
FN:24,(anonymous_3)
FN:29,(anonymous_4)
FN:33,(anonymous_5)
FNF:6
FNH:0
FNDA:0,(anonymous_0)
FNDA:0,(anonymous_1)
FNDA:0,(anonymous_2)
FNDA:0,(anonymous_3)
FNDA:0,(anonymous_4)
FNDA:0,(anonymous_5)
DA:2,0
DA:5,0
DA:6,0
DA:7,0
DA:10,0
DA:12,0
DA:13,0
DA:14,0
DA:16,0
DA:17,0
DA:20,0
DA:21,0
DA:24,0
DA:25,0
DA:26,0
DA:29,0
DA:30,0
DA:33,0
DA:34,0
LF:19
LH:0
BRF:0
BRH:0
end_of_record
TN:
SF:.expo\metro\polyfill.js
FN:1,(anonymous_0)
FNF:1
FNH:0
FNDA:0,(anonymous_0)
DA:1,0
LF:1
LH:0
BRDA:1,0,0,0
BRDA:1,0,1,0
BRF:2
BRH:0
end_of_record
TN:
SF:.expo\metro\polyfill.native.js
FN:1,(anonymous_0)
FNF:1
FNH:0
FNDA:0,(anonymous_0)
DA:1,0
LF:1
LH:0
BRF:0
BRH:0
end_of_record
TN:
SF:.expo\metro\externals\assert\index.js
FNF:0
FNH:0
DA:1,0
LF:1
LH:0
BRF:0
BRH:0
end_of_record
TN:
SF:.expo\metro\externals\async_hooks\index.js
FNF:0
FNH:0
DA:1,0
LF:1
LH:0
BRF:0
BRH:0
end_of_record
TN:
SF:.expo\metro\externals\buffer\index.js
FNF:0
FNH:0
DA:1,0
LF:1
LH:0
BRF:0
BRH:0
end_of_record
TN:
SF:.expo\metro\externals\child_process\index.js
FNF:0
FNH:0
DA:1,0
LF:1
LH:0
BRF:0
BRH:0
end_of_record
TN:
SF:.expo\metro\externals\cluster\index.js
FNF:0
FNH:0
DA:1,0
LF:1
LH:0
BRF:0
BRH:0
end_of_record
TN:
SF:.expo\metro\externals\console\index.js
FNF:0
FNH:0
DA:1,0
LF:1
LH:0
BRF:0
BRH:0
end_of_record
TN:
SF:.expo\metro\externals\constants\index.js
FNF:0
FNH:0
DA:1,0
LF:1
LH:0
BRF:0
BRH:0
end_of_record
TN:
SF:.expo\metro\externals\crypto\index.js
FNF:0
FNH:0
DA:1,0
LF:1
LH:0
BRF:0
BRH:0
end_of_record
TN:
SF:.expo\metro\externals\dgram\index.js
FNF:0
FNH:0
DA:1,0
LF:1
LH:0
BRF:0
BRH:0
end_of_record
TN:
SF:.expo\metro\externals\diagnostics_channel\index.js
FNF:0
FNH:0
DA:1,0
LF:1
LH:0
BRF:0
BRH:0
end_of_record
TN:
SF:.expo\metro\externals\dns\index.js
FNF:0
FNH:0
DA:1,0
LF:1
LH:0
BRF:0
BRH:0
end_of_record
TN:
SF:.expo\metro\externals\domain\index.js
FNF:0
FNH:0
DA:1,0
LF:1
LH:0
BRF:0
BRH:0
end_of_record
TN:
SF:.expo\metro\externals\events\index.js
FNF:0
FNH:0
DA:1,0
LF:1
LH:0
BRF:0
BRH:0
end_of_record
TN:
SF:.expo\metro\externals\fs\index.js
FNF:0
FNH:0
DA:1,0
LF:1
LH:0
BRF:0
BRH:0
end_of_record
TN:
SF:.expo\metro\externals\fs\promises\index.js
FNF:0
FNH:0
DA:1,0
LF:1
LH:0
BRF:0
BRH:0
end_of_record
TN:
SF:.expo\metro\externals\http\index.js
FNF:0
FNH:0
DA:1,0
LF:1
LH:0
BRF:0
BRH:0
end_of_record
TN:
SF:.expo\metro\externals\http2\index.js
FNF:0
FNH:0
DA:1,0
LF:1
LH:0
BRF:0
BRH:0
end_of_record
TN:
SF:.expo\metro\externals\https\index.js
FNF:0
FNH:0
DA:1,0
LF:1
LH:0
BRF:0
BRH:0
end_of_record
TN:
SF:.expo\metro\externals\inspector\index.js
FNF:0
FNH:0
DA:1,0
LF:1
LH:0
BRF:0
BRH:0
end_of_record
TN:
SF:.expo\metro\externals\module\index.js
FNF:0
FNH:0
DA:1,0
LF:1
LH:0
BRF:0
BRH:0
end_of_record
TN:
SF:.expo\metro\externals\net\index.js
FNF:0
FNH:0
DA:1,0
LF:1
LH:0
BRF:0
BRH:0
end_of_record
TN:
SF:.expo\metro\externals\os\index.js
FNF:0
FNH:0
DA:1,0
LF:1
LH:0
BRF:0
BRH:0
end_of_record
TN:
SF:.expo\metro\externals\path\index.js
FNF:0
FNH:0
DA:1,0
LF:1
LH:0
BRF:0
BRH:0
end_of_record
TN:
SF:.expo\metro\externals\perf_hooks\index.js
FNF:0
FNH:0
DA:1,0
LF:1
LH:0
BRF:0
BRH:0
end_of_record
TN:
SF:.expo\metro\externals\process\index.js
FNF:0
FNH:0
DA:1,0
LF:1
LH:0
BRF:0
BRH:0
end_of_record
TN:
SF:.expo\metro\externals\punycode\index.js
FNF:0
FNH:0
DA:1,0
LF:1
LH:0
BRF:0
BRH:0
end_of_record
TN:
SF:.expo\metro\externals\querystring\index.js
FNF:0
FNH:0
DA:1,0
LF:1
LH:0
BRF:0
BRH:0
end_of_record
TN:
SF:.expo\metro\externals\readline\index.js
FNF:0
FNH:0
DA:1,0
LF:1
LH:0
BRF:0
BRH:0
end_of_record
TN:
SF:.expo\metro\externals\repl\index.js
FNF:0
FNH:0
DA:1,0
LF:1
LH:0
BRF:0
BRH:0
end_of_record
TN:
SF:.expo\metro\externals\stream\index.js
FNF:0
FNH:0
DA:1,0
LF:1
LH:0
BRF:0
BRH:0
end_of_record
TN:
SF:.expo\metro\externals\string_decoder\index.js
FNF:0
FNH:0
DA:1,0
LF:1
LH:0
BRF:0
BRH:0
end_of_record
TN:
SF:.expo\metro\externals\timers\index.js
FNF:0
FNH:0
DA:1,0
LF:1
LH:0
BRF:0
BRH:0
end_of_record
TN:
SF:.expo\metro\externals\tls\index.js
FNF:0
FNH:0
DA:1,0
LF:1
LH:0
BRF:0
BRH:0
end_of_record
TN:
SF:.expo\metro\externals\trace_events\index.js
FNF:0
FNH:0
DA:1,0
LF:1
LH:0
BRF:0
BRH:0
end_of_record
TN:
SF:.expo\metro\externals\tty\index.js
FNF:0
FNH:0
DA:1,0
LF:1
LH:0
BRF:0
BRH:0
end_of_record
TN:
SF:.expo\metro\externals\url\index.js
FNF:0
FNH:0
DA:1,0
LF:1
LH:0
BRF:0
BRH:0
end_of_record
TN:
SF:.expo\metro\externals\util\index.js
FNF:0
FNH:0
DA:1,0
LF:1
LH:0
BRF:0
BRH:0
end_of_record
TN:
SF:.expo\metro\externals\v8\index.js
FNF:0
FNH:0
DA:1,0
LF:1
LH:0
BRF:0
BRH:0
end_of_record
TN:
SF:.expo\metro\externals\vm\index.js
FNF:0
FNH:0
DA:1,0
LF:1
LH:0
BRF:0
BRH:0
end_of_record
TN:
SF:.expo\metro\externals\wasi\index.js
FNF:0
FNH:0
DA:1,0
LF:1
LH:0
BRF:0
BRH:0
end_of_record
TN:
SF:.expo\metro\externals\worker_threads\index.js
FNF:0
FNH:0
DA:1,0
LF:1
LH:0
BRF:0
BRH:0
end_of_record
TN:
SF:.expo\metro\externals\zlib\index.js
FNF:0
FNH:0
DA:1,0
LF:1
LH:0
BRF:0
BRH:0
end_of_record
TN:
SF:.expo\metro\shims\react-native-web\dist\cjs\exports\AppRegistry\AppContainer.js
FN:4,AppContainer
FNF:1
FNH:0
FNDA:0,AppContainer
DA:5,0
DA:8,0
DA:9,0
DA:12,0
DA:13,0
LF:5
LH:0
BRDA:8,0,0,0
BRDA:8,0,1,0
BRF:2
BRH:0
end_of_record
TN:
SF:.expo\metro\shims\react-native-web\dist\cjs\exports\BackHandler\index.js
FN:2,emptyFunction
FN:6,(anonymous_1)
FNF:2
FNH:0
FNDA:0,emptyFunction
FNDA:0,(anonymous_1)
DA:3,0
DA:4,0
DA:6,0
DA:9,0
DA:10,0
LF:5
LH:0
BRF:0
BRH:0
end_of_record
TN:
SF:.expo\metro\shims\react-native-web\dist\exports\AppRegistry\AppContainer.js
FN:4,AppContainer
FNF:1
FNH:0
FNDA:0,AppContainer
DA:5,0
DA:8,0
DA:9,0
LF:3
LH:0
BRDA:8,0,0,0
BRDA:8,0,1,0
BRF:2
BRH:0
end_of_record
TN:
SF:.expo\metro\shims\react-native-web\dist\exports\BackHandler\index.js
FN:1,emptyFunction
FN:4,(anonymous_1)
FNF:2
FNH:0
FNDA:0,emptyFunction
FNDA:0,(anonymous_1)
DA:2,0
DA:4,0
LF:2
LH:0
BRF:0
BRH:0
end_of_record
TN:
SF:scripts\cleanup-jest-configs.js
FN:27,(anonymous_0)
FNF:1
FNH:0
FNDA:0,(anonymous_0)
DA:1,0
DA:2,0
DA:5,0
DA:22,0
DA:24,0
DA:25,0
DA:27,0
DA:28,0
DA:30,0
DA:31,0
DA:32,0
DA:33,0
DA:34,0
DA:36,0
DA:37,0
DA:40,0
DA:45,0
DA:47,0
DA:48,0
DA:49,0
DA:52,0
DA:53,0
DA:55,0
DA:56,0
DA:57,0
DA:60,0
DA:61,0
DA:62,0
DA:65,0
DA:66,0
DA:67,0
DA:70,0
DA:71,0
DA:72,0
DA:76,0
DA:77,0
DA:81,0
DA:82,0
DA:83,0
DA:84,0
DA:85,0
DA:87,0
DA:88,0
LF:43
LH:0
BRDA:30,0,0,0
BRDA:30,0,1,0
BRDA:47,1,0,0
BRDA:47,1,1,0
BRDA:52,2,0,0
BRDA:52,2,1,0
BRDA:55,3,0,0
BRDA:55,3,1,0
BRDA:55,4,0,0
BRDA:55,4,1,0
BRDA:60,5,0,0
BRDA:60,5,1,0
BRDA:60,6,0,0
BRDA:60,6,1,0
BRDA:65,7,0,0
BRDA:65,7,1,0
BRDA:65,8,0,0
BRDA:65,8,1,0
BRDA:70,9,0,0
BRDA:70,9,1,0
BRDA:87,10,0,0
BRDA:87,10,1,0
BRF:22
BRH:0
end_of_record
TN:
SF:scripts\debug-jest-config.js
FN:47,testConfig
FN:61,(anonymous_1)
FN:69,findProblematicOption
FNF:3
FNH:0
FNDA:0,testConfig
FNDA:0,(anonymous_1)
FNDA:0,findProblematicOption
DA:1,0
DA:2,0
DA:3,0
DA:6,0
DA:35,0
DA:48,0
DA:49,0
DA:51,0
DA:52,0
DA:57,0
DA:59,0
DA:61,0
DA:64,0
DA:70,0
DA:71,0
DA:73,0
DA:74,0
DA:77,0
DA:78,0
DA:79,0
DA:80,0
DA:83,0
DA:84,0
DA:88,0
DA:89,0
DA:90,0
DA:91,0
DA:94,0
DA:95,0
DA:96,0
DA:97,0
DA:104,0
DA:105,0
DA:111,0
DA:113,0
DA:114,0
DA:115,0
DA:117,0
DA:118,0
DA:119,0
DA:123,0
DA:124,0
DA:128,0
LF:43
LH:0
BRDA:61,0,0,0
BRDA:61,0,1,0
BRDA:61,1,0,0
BRDA:61,1,1,0
BRDA:77,2,0,0
BRDA:77,2,1,0
BRDA:79,3,0,0
BRDA:79,3,1,0
BRDA:83,4,0,0
BRDA:83,4,1,0
BRDA:88,5,0,0
BRDA:88,5,1,0
BRDA:90,6,0,0
BRDA:90,6,1,0
BRDA:94,7,0,0
BRDA:94,7,1,0
BRDA:96,8,0,0
BRDA:96,8,1,0
BRDA:104,9,0,0
BRDA:104,9,1,0
BRDA:113,10,0,0
BRDA:113,10,1,0
BRF:22
BRH:0
end_of_record
TN:
SF:scripts\test-single-option.js
FN:14,testOption
FN:35,(anonymous_1)
FNF:2
FNH:0
FNDA:0,testOption
FNDA:0,(anonymous_1)
DA:1,0
DA:2,0
DA:3,0
DA:6,0
DA:15,0
DA:16,0
DA:18,0
DA:19,0
DA:21,0
DA:23,0
DA:24,0
DA:25,0
DA:30,0
DA:31,0
DA:32,0
DA:34,0
DA:35,0
DA:36,0
DA:37,0
DA:39,0
DA:44,0
DA:89,0
DA:91,0
DA:92,0
DA:93,0
DA:94,0
DA:96,0
DA:97,0
DA:98,0
LF:29
LH:0
BRDA:35,0,0,0
BRDA:35,0,1,0
BRDA:35,1,0,0
BRDA:35,1,1,0
BRDA:93,2,0,0
BRDA:93,2,1,0
BRDA:93,3,0,0
BRDA:93,3,1,0
BRDA:96,4,0,0
BRDA:96,4,1,0
BRDA:96,5,0,0
BRDA:96,5,1,0
BRF:12
BRH:0
end_of_record
TN:
SF:scripts\test-supabase.js
FN:52,testConnection
FN:101,(anonymous_1)
FN:107,(anonymous_2)
FN:113,(anonymous_3)
FNF:4
FNH:0
FNDA:0,testConnection
FNDA:0,(anonymous_1)
FNDA:0,(anonymous_2)
FNDA:0,(anonymous_3)
DA:1,0
DA:4,0
DA:7,0
DA:10,0
DA:11,0
DA:14,0
DA:15,0
DA:17,0
DA:18,0
DA:19,0
DA:22,0
DA:23,0
DA:24,0
DA:27,0
DA:28,0
DA:31,0
DA:33,0
DA:34,0
DA:35,0
DA:38,0
DA:53,0
DA:54,0
DA:57,0
DA:58,0
DA:60,0
DA:61,0
DA:62,0
DA:63,0
DA:66,0
DA:67,0
DA:70,0
DA:71,0
DA:73,0
DA:75,0
DA:76,0
DA:77,0
DA:78,0
DA:79,0
DA:80,0
DA:81,0
DA:82,0
DA:83,0
DA:85,0
DA:88,0
DA:89,0
DA:93,0
DA:94,0
DA:95,0
DA:101,0
DA:102,0
DA:103,0
DA:107,0
DA:108,0
DA:109,0
DA:113,0
DA:114,0
DA:117,0
DA:118,0
DA:119,0
DA:121,0
LF:60
LH:0
BRDA:14,0,0,0
BRDA:14,0,1,0
BRDA:15,1,0,0
BRDA:15,1,1,0
BRDA:17,2,0,0
BRDA:17,2,1,0
BRDA:17,3,0,0
BRDA:17,3,1,0
BRDA:35,4,0,0
BRDA:35,4,1,0
BRDA:60,5,0,0
BRDA:60,5,1,0
BRDA:67,6,0,0
BRDA:67,6,1,0
BRDA:75,7,0,0
BRDA:75,7,1,0
BRDA:117,8,0,0
BRDA:117,8,1,0
BRDA:118,9,0,0
BRDA:118,9,1,0
BRDA:119,10,0,0
BRDA:119,10,1,0
BRF:22
BRH:0
end_of_record
TN:
SF:scripts\test-supabase.ts
FN:22,(anonymous_0)
FN:67,testSupabaseConnection
FN:81,(anonymous_2)
FN:121,(anonymous_3)
FN:124,(anonymous_4)
FNF:5
FNH:0
FNDA:0,(anonymous_0)
FNDA:0,testSupabaseConnection
FNDA:0,(anonymous_2)
FNDA:0,(anonymous_3)
FNDA:0,(anonymous_4)
DA:1,0
DA:4,0
DA:5,0
DA:6,0
DA:7,0
DA:8,0
DA:11,0
DA:12,0
DA:14,0
DA:16,0
DA:17,0
DA:18,0
DA:19,0
DA:23,0
DA:24,0
DA:25,0
DA:27,0
DA:32,0
DA:33,0
DA:35,0
DA:46,0
DA:51,0
DA:54,0
DA:55,0
DA:58,0
DA:68,0
DA:71,0
DA:72,0
DA:73,0
DA:75,0
DA:76,0
DA:77,0
DA:78,0
DA:79,0
DA:80,0
DA:81,0
DA:82,0
DA:85,0
DA:86,0
DA:87,0
DA:90,0
DA:92,0
DA:93,0
DA:94,0
DA:95,0
DA:98,0
DA:99,0
DA:102,0
DA:103,0
DA:105,0
DA:106,0
DA:107,0
DA:109,0
DA:110,0
DA:114,0
DA:115,0
DA:120,0
DA:122,0
DA:125,0
DA:126,0
LF:60
LH:0
BRDA:16,0,0,0
BRDA:16,0,1,0
BRDA:23,1,0,0
BRDA:23,1,1,0
BRDA:23,2,0,0
BRDA:23,2,1,0
BRDA:54,3,0,0
BRDA:54,3,1,0
BRDA:55,4,0,0
BRDA:55,4,1,0
BRDA:75,5,0,0
BRDA:75,5,1,0
BRDA:75,6,0,0
BRDA:75,6,1,0
BRDA:87,7,0,0
BRDA:87,7,1,0
BRDA:92,8,0,0
BRDA:92,8,1,0
BRDA:105,9,0,0
BRDA:105,9,1,0
BRF:20
BRH:0
end_of_record
TN:
SF:src\setupTests.ts
FN:4,(anonymous_0)
FN:9,(anonymous_1)
FNF:2
FNH:0
FNDA:0,(anonymous_0)
FNDA:0,(anonymous_1)
DA:4,0
DA:5,0
DA:9,0
DA:11,0
DA:15,0
LF:5
LH:0
BRF:0
BRH:0
end_of_record
TN:
SF:src\@types\react-native-vector-icons\index.d.ts
FNF:0
FNH:0
LF:0
LH:0
BRF:0
BRH:0
end_of_record
TN:
SF:src\components\buttons\Button.tsx
FN:23,(anonymous_0)
FN:38,(anonymous_1)
FN:112,(anonymous_2)
FN:124,(anonymous_3)
FN:144,(anonymous_4)
FN:179,(anonymous_5)
FN:183,(anonymous_6)
FN:187,(anonymous_7)
FN:191,(anonymous_8)
FN:195,(anonymous_9)
FN:199,(anonymous_10)
FN:203,(anonymous_11)
FNF:12
FNH:0
FNDA:0,(anonymous_0)
FNDA:0,(anonymous_1)
FNDA:0,(anonymous_2)
FNDA:0,(anonymous_3)
FNDA:0,(anonymous_4)
FNDA:0,(anonymous_5)
FNDA:0,(anonymous_6)
FNDA:0,(anonymous_7)
FNDA:0,(anonymous_8)
FNDA:0,(anonymous_9)
FNDA:0,(anonymous_10)
FNDA:0,(anonymous_11)
DA:23,0
DA:36,0
DA:38,0
DA:39,0
DA:48,0
DA:63,0
DA:91,0
DA:112,0
DA:113,0
DA:115,0
DA:117,0
DA:120,0
DA:124,0
DA:125,0
DA:130,0
DA:133,0
DA:136,0
DA:140,0
DA:141,0
DA:142,0
DA:144,0
DA:145,0
DA:146,0
DA:154,0
DA:165,0
DA:179,0
DA:180,0
DA:183,0
DA:184,0
DA:187,0
DA:188,0
DA:191,0
DA:192,0
DA:195,0
DA:196,0
DA:199,0
DA:200,0
DA:203,0
DA:204,0
LF:39
LH:0
BRDA:24,0,0,0
BRDA:25,1,0,0
BRDA:28,2,0,0
BRDA:29,3,0,0
BRDA:30,4,0,0
BRDA:44,5,0,0
BRDA:44,5,1,0
BRDA:45,6,0,0
BRDA:45,6,1,0
BRDA:113,7,0,0
BRDA:113,7,1,0
BRDA:113,7,2,0
BRDA:113,7,3,0
BRDA:125,8,0,0
BRDA:125,8,1,0
BRDA:125,8,2,0
BRDA:125,8,3,0
BRDA:125,8,4,0
BRDA:125,8,5,0
BRDA:125,8,6,0
BRDA:125,8,7,0
BRDA:145,9,0,0
BRDA:145,9,1,0
BRDA:148,10,0,0
BRDA:148,10,1,0
BRDA:149,11,0,0
BRDA:149,11,1,0
BRDA:149,12,0,0
BRDA:149,12,1,0
BRDA:156,13,0,0
BRDA:156,13,1,0
BRDA:160,14,0,0
BRDA:160,14,1,0
BRDA:169,15,0,0
BRDA:169,15,1,0
BRF:35
BRH:0
end_of_record
TN:
SF:src\components\surfaces\Card.tsx
FN:65,(anonymous_0)
FN:166,(anonymous_1)
FN:208,(anonymous_2)
FN:215,(anonymous_3)
FN:222,(anonymous_4)
FN:229,(anonymous_5)
FNF:6
FNH:0
FNDA:0,(anonymous_0)
FNDA:0,(anonymous_1)
FNDA:0,(anonymous_2)
FNDA:0,(anonymous_3)
FNDA:0,(anonymous_4)
FNDA:0,(anonymous_5)
DA:65,0
DA:77,0
DA:80,0
DA:87,0
DA:103,0
DA:128,0
DA:158,0
DA:166,0
DA:167,0
DA:175,0
DA:177,0
DA:179,0
DA:180,0
DA:194,0
DA:196,0
DA:198,0
DA:208,0
DA:209,0
DA:215,0
DA:216,0
DA:222,0
DA:223,0
DA:229,0
DA:230,0
LF:24
LH:0
BRDA:69,0,0,0
BRDA:70,1,0,0
BRDA:71,2,0,0
BRDA:108,3,0,0
BRDA:108,3,1,0
BRDA:109,4,0,0
BRDA:109,4,1,0
BRDA:160,5,0,0
BRDA:160,5,1,0
BRDA:168,6,0,0
BRDA:168,6,1,0
BRDA:170,7,0,0
BRDA:170,7,1,0
BRDA:177,8,0,0
BRDA:177,8,1,0
BRDA:184,9,0,0
BRDA:184,9,1,0
BRDA:184,10,0,0
BRDA:184,10,1,0
BRF:19
BRH:0
end_of_record
TN:
SF:src\components\typography\Typography.tsx
FN:42,(anonymous_0)
FN:55,(anonymous_1)
FN:69,(anonymous_2)
FN:177,(anonymous_3)
FN:181,(anonymous_4)
FN:185,(anonymous_5)
FN:189,(anonymous_6)
FN:193,(anonymous_7)
FN:197,(anonymous_8)
FN:201,(anonymous_9)
FN:205,(anonymous_10)
FN:209,(anonymous_11)
FN:213,(anonymous_12)
FN:217,(anonymous_13)
FN:221,(anonymous_14)
FN:225,(anonymous_15)
FN:229,(anonymous_16)
FN:233,(anonymous_17)
FNF:18
FNH:0
FNDA:0,(anonymous_0)
FNDA:0,(anonymous_1)
FNDA:0,(anonymous_2)
FNDA:0,(anonymous_3)
FNDA:0,(anonymous_4)
FNDA:0,(anonymous_5)
FNDA:0,(anonymous_6)
FNDA:0,(anonymous_7)
FNDA:0,(anonymous_8)
FNDA:0,(anonymous_9)
FNDA:0,(anonymous_10)
FNDA:0,(anonymous_11)
FNDA:0,(anonymous_12)
FNDA:0,(anonymous_13)
FNDA:0,(anonymous_14)
FNDA:0,(anonymous_15)
FNDA:0,(anonymous_16)
FNDA:0,(anonymous_17)
DA:19,0
DA:42,0
DA:53,0
DA:55,0
DA:56,0
DA:58,0
DA:60,0
DA:62,0
DA:65,0
DA:69,0
DA:70,0
DA:153,0
DA:162,0
DA:164,0
DA:177,0
DA:178,0
DA:181,0
DA:182,0
DA:185,0
DA:186,0
DA:189,0
DA:190,0
DA:193,0
DA:194,0
DA:197,0
DA:198,0
DA:201,0
DA:202,0
DA:205,0
DA:206,0
DA:209,0
DA:210,0
DA:213,0
DA:214,0
DA:217,0
DA:218,0
DA:221,0
DA:222,0
DA:225,0
DA:226,0
DA:229,0
DA:230,0
DA:233,0
DA:234,0
LF:44
LH:0
BRDA:43,0,0,0
BRDA:46,1,0,0
BRDA:47,2,0,0
BRDA:56,3,0,0
BRDA:56,3,1,0
BRDA:56,3,2,0
BRDA:56,3,3,0
BRDA:56,3,4,0
BRDA:156,4,0,0
BRDA:156,4,1,0
BRF:10
BRH:0
end_of_record
TN:
SF:src\components\ui\buttons.tsx
FN:55,(anonymous_0)
FN:77,(anonymous_1)
FN:90,(anonymous_2)
FN:105,(anonymous_3)
FN:118,(anonymous_4)
FN:131,(anonymous_5)
FN:152,(anonymous_6)
FN:258,(anonymous_7)
FN:273,(anonymous_8)
FNF:9
FNH:0
FNDA:0,(anonymous_0)
FNDA:0,(anonymous_1)
FNDA:0,(anonymous_2)
FNDA:0,(anonymous_3)
FNDA:0,(anonymous_4)
FNDA:0,(anonymous_5)
FNDA:0,(anonymous_6)
FNDA:0,(anonymous_7)
FNDA:0,(anonymous_8)
DA:55,0
DA:71,0
DA:72,0
DA:73,0
DA:74,0
DA:77,0
DA:78,0
DA:79,0
DA:80,0
DA:81,0
DA:87,0
DA:90,0
DA:91,0
DA:93,0
DA:95,0
DA:98,0
DA:102,0
DA:105,0
DA:106,0
DA:107,0
DA:118,0
DA:119,0
DA:120,0
DA:131,0
DA:132,0
DA:152,0
DA:153,0
DA:172,0
DA:258,0
DA:269,0
DA:271,0
DA:273,0
DA:274,0
DA:276,0
DA:278,0
DA:281,0
DA:285,0
DA:287,0
DA:330,0
LF:39
LH:0
BRDA:57,0,0,0
BRDA:58,1,0,0
BRDA:62,2,0,0
BRDA:65,3,0,0
BRDA:66,4,0,0
BRDA:72,5,0,0
BRDA:72,5,1,0
BRDA:78,6,0,0
BRDA:78,6,1,0
BRDA:79,7,0,0
BRDA:79,7,1,0
BRDA:80,8,0,0
BRDA:80,8,1,0
BRDA:91,9,0,0
BRDA:91,9,1,0
BRDA:91,9,2,0
BRDA:91,9,3,0
BRDA:106,10,0,0
BRDA:106,10,1,0
BRDA:119,11,0,0
BRDA:119,11,1,0
BRDA:161,12,0,0
BRDA:161,12,1,0
BRDA:173,13,0,0
BRDA:173,13,1,0
BRDA:175,14,0,0
BRDA:175,14,1,0
BRDA:176,15,0,0
BRDA:176,15,1,0
BRDA:181,16,0,0
BRDA:181,16,1,0
BRDA:182,17,0,0
BRDA:182,17,1,0
BRDA:183,18,0,0
BRDA:183,18,1,0
BRDA:185,19,0,0
BRDA:185,19,1,0
BRDA:187,20,0,0
BRDA:187,20,1,0
BRDA:212,21,0,0
BRDA:212,21,1,0
BRDA:261,22,0,0
BRDA:266,23,0,0
BRDA:267,24,0,0
BRDA:271,25,0,0
BRDA:271,25,1,0
BRDA:274,26,0,0
BRDA:274,26,1,0
BRDA:274,26,2,0
BRDA:274,26,3,0
BRDA:297,27,0,0
BRDA:297,27,1,0
BRDA:311,28,0,0
BRDA:311,28,1,0
BRDA:313,29,0,0
BRDA:313,29,1,0
BRDA:313,29,2,0
BRDA:318,30,0,0
BRDA:318,30,1,0
BRF:59
BRH:0
end_of_record
TN:
SF:src\components\ui\cards.tsx
FN:76,(anonymous_0)
FN:92,(anonymous_1)
FN:192,(anonymous_2)
FN:204,(anonymous_3)
FN:279,(anonymous_4)
FN:315,(anonymous_5)
FN:343,(anonymous_6)
FN:349,(anonymous_7)
FN:405,(anonymous_8)
FNF:9
FNH:0
FNDA:0,(anonymous_0)
FNDA:0,(anonymous_1)
FNDA:0,(anonymous_2)
FNDA:0,(anonymous_3)
FNDA:0,(anonymous_4)
FNDA:0,(anonymous_5)
FNDA:0,(anonymous_6)
FNDA:0,(anonymous_7)
FNDA:0,(anonymous_8)
DA:76,0
DA:89,0
DA:92,0
DA:93,0
DA:99,0
DA:101,0
DA:108,0
DA:114,0
DA:121,0
DA:133,0
DA:142,0
DA:143,0
DA:150,0
DA:192,0
DA:202,0
DA:204,0
DA:205,0
DA:207,0
DA:208,0
DA:211,0
DA:214,0
DA:279,0
DA:287,0
DA:315,0
DA:316,0
DA:343,0
DA:349,0
DA:350,0
DA:352,0
DA:354,0
DA:356,0
DA:358,0
DA:360,0
DA:362,0
DA:366,0
DA:405,0
DA:411,0
DA:413,0
DA:426,0
LF:39
LH:0
BRDA:81,0,0,0
BRDA:82,1,0,0
BRDA:83,2,0,0
BRDA:84,3,0,0
BRDA:85,4,0,0
BRDA:94,5,0,0
BRDA:94,5,1,0
BRDA:95,6,0,0
BRDA:95,6,1,0
BRDA:99,7,0,0
BRDA:99,7,1,0
BRDA:99,7,2,0
BRDA:99,7,3,0
BRDA:99,7,4,0
BRDA:123,8,0,0
BRDA:123,8,1,0
BRDA:126,9,0,0
BRDA:126,9,1,0
BRDA:142,10,0,0
BRDA:142,10,1,0
BRDA:200,11,0,0
BRDA:205,12,0,0
BRDA:205,12,1,0
BRDA:207,13,0,0
BRDA:207,13,1,0
BRDA:220,14,0,0
BRDA:220,14,1,0
BRDA:228,15,0,0
BRDA:228,15,1,0
BRDA:238,16,0,0
BRDA:238,16,1,0
BRDA:240,17,0,0
BRDA:240,17,1,0
BRDA:281,18,0,0
BRDA:284,19,0,0
BRDA:290,20,0,0
BRDA:290,20,1,0
BRDA:291,21,0,0
BRDA:291,21,1,0
BRDA:315,22,0,0
BRDA:316,23,0,0
BRDA:316,23,1,0
BRDA:346,24,0,0
BRDA:347,25,0,0
BRDA:350,26,0,0
BRDA:350,26,1,0
BRDA:350,26,2,0
BRDA:350,26,3,0
BRDA:350,26,4,0
BRDA:350,26,5,0
BRDA:372,27,0,0
BRDA:372,27,1,0
BRDA:409,28,0,0
BRDA:415,29,0,0
BRDA:415,29,1,0
BRF:55
BRH:0
end_of_record
TN:
SF:src\components\ui\dialogs.tsx
FN:16,(anonymous_0)
FN:19,(anonymous_1)
FN:22,(anonymous_2)
FN:41,(anonymous_3)
FN:84,(anonymous_4)
FN:104,(anonymous_5)
FN:126,(anonymous_6)
FN:138,(anonymous_7)
FN:145,(anonymous_8)
FN:150,(anonymous_9)
FN:158,(anonymous_10)
FN:166,(anonymous_11)
FN:234,(anonymous_12)
FN:234,(anonymous_13)
FNF:14
FNH:0
FNDA:0,(anonymous_0)
FNDA:0,(anonymous_1)
FNDA:0,(anonymous_2)
FNDA:0,(anonymous_3)
FNDA:0,(anonymous_4)
FNDA:0,(anonymous_5)
FNDA:0,(anonymous_6)
FNDA:0,(anonymous_7)
FNDA:0,(anonymous_8)
FNDA:0,(anonymous_9)
FNDA:0,(anonymous_10)
FNDA:0,(anonymous_11)
FNDA:0,(anonymous_12)
FNDA:0,(anonymous_13)
DA:16,0
DA:19,0
DA:22,0
DA:27,0
DA:41,0
DA:84,0
DA:100,0
DA:101,0
DA:102,0
DA:104,0
DA:106,0
DA:107,0
DA:110,0
DA:125,0
DA:127,0
DA:139,0
DA:145,0
DA:146,0
DA:147,0
DA:150,0
DA:151,0
DA:152,0
DA:154,0
DA:158,0
DA:159,0
DA:160,0
DA:162,0
DA:166,0
DA:167,0
DA:168,0
DA:172,0
DA:174,0
DA:234,0
DA:235,0
DA:237,0
DA:253,0
LF:36
LH:0
BRDA:89,0,0,0
BRDA:91,1,0,0
BRDA:92,2,0,0
BRDA:94,3,0,0
BRDA:95,4,0,0
BRDA:96,5,0,0
BRDA:97,6,0,0
BRDA:98,7,0,0
BRDA:146,8,0,0
BRDA:146,8,1,0
BRDA:151,9,0,0
BRDA:151,9,1,0
BRDA:159,10,0,0
BRDA:159,10,1,0
BRDA:167,11,0,0
BRDA:167,11,1,0
BRDA:172,12,0,0
BRDA:172,12,1,0
BRDA:197,13,0,0
BRDA:197,13,1,0
BRDA:211,14,0,0
BRDA:211,14,1,0
BRDA:212,15,0,0
BRDA:212,15,1,0
BRDA:234,16,0,0
BRDA:234,17,0,0
BRDA:234,18,0,0
BRDA:235,19,0,0
BRDA:235,19,1,0
BRDA:242,20,0,0
BRDA:242,20,1,0
BRF:31
BRH:0
end_of_record
TN:
SF:src\components\ui\index.ts
FNF:0
FNH:0
LF:0
LH:0
BRF:0
BRH:0
end_of_record
TN:
SF:src\hooks\useSupermemory.ts
FN:10,(anonymous_0)
FN:15,(anonymous_1)
FN:36,(anonymous_2)
FN:61,(anonymous_3)
FN:76,(anonymous_4)
FN:91,(anonymous_5)
FNF:6
FNH:0
FNDA:0,(anonymous_0)
FNDA:0,(anonymous_1)
FNDA:0,(anonymous_2)
FNDA:0,(anonymous_3)
FNDA:0,(anonymous_4)
FNDA:0,(anonymous_5)
DA:10,0
DA:11,0
DA:12,0
DA:14,0
DA:16,0
DA:17,0
DA:19,0
DA:20,0
DA:24,0
DA:26,0
DA:27,0
DA:29,0
DA:35,0
DA:41,0
DA:42,0
DA:44,0
DA:45,0
DA:50,0
DA:52,0
DA:53,0
DA:55,0
DA:61,0
DA:62,0
DA:63,0
DA:65,0
DA:66,0
DA:67,0
DA:69,0
DA:70,0
DA:72,0
DA:76,0
DA:77,0
DA:78,0
DA:80,0
DA:81,0
DA:82,0
DA:84,0
DA:85,0
DA:87,0
DA:91,0
DA:92,0
DA:93,0
DA:95,0
DA:96,0
DA:98,0
DA:99,0
DA:101,0
DA:105,0
LF:48
LH:0
BRDA:26,0,0,0
BRDA:26,0,1,0
BRDA:39,1,0,0
BRDA:52,2,0,0
BRDA:52,2,1,0
BRDA:69,3,0,0
BRDA:69,3,1,0
BRDA:84,4,0,0
BRDA:84,4,1,0
BRDA:98,5,0,0
BRDA:98,5,1,0
BRF:11
BRH:0
end_of_record
TN:
SF:src\lib\supabase.ts
FNF:0
FNH:0
DA:5,0
DA:6,0
DA:8,0
LF:3
LH:0
BRDA:5,0,0,0
BRDA:5,0,1,0
BRDA:6,1,0,0
BRDA:6,1,1,0
BRF:4
BRH:0
end_of_record
TN:
SF:src\lib\supermemory.ts
FNF:0
FNH:0
DA:3,0
DA:4,0
DA:6,0
LF:3
LH:0
BRDA:3,0,0,0
BRDA:3,0,1,0
BRDA:4,1,0,0
BRDA:4,1,1,0
BRF:4
BRH:0
end_of_record
TN:
SF:src\navigation\AppNavigator.tsx
FN:38,(anonymous_0)
FN:46,(anonymous_1)
FN:58,(anonymous_2)
FN:70,(anonymous_3)
FN:78,(anonymous_4)
FN:90,(anonymous_5)
FN:95,(anonymous_6)
FN:96,(anonymous_7)
FN:148,(anonymous_8)
FNF:9
FNH:0
FNDA:0,(anonymous_0)
FNDA:0,(anonymous_1)
FNDA:0,(anonymous_2)
FNDA:0,(anonymous_3)
FNDA:0,(anonymous_4)
FNDA:0,(anonymous_5)
FNDA:0,(anonymous_6)
FNDA:0,(anonymous_7)
FNDA:0,(anonymous_8)
DA:27,0
DA:28,0
DA:31,0
DA:32,0
DA:33,0
DA:34,0
DA:35,0
DA:38,0
DA:39,0
DA:46,0
DA:47,0
DA:58,0
DA:59,0
DA:70,0
DA:71,0
DA:78,0
DA:79,0
DA:90,0
DA:91,0
DA:93,0
DA:95,0
DA:97,0
DA:99,0
DA:100,0
DA:101,0
DA:102,0
DA:103,0
DA:104,0
DA:105,0
DA:106,0
DA:107,0
DA:108,0
DA:111,0
DA:148,0
DA:149,0
LF:35
LH:0
BRDA:99,0,0,0
BRDA:99,0,1,0
BRDA:100,1,0,0
BRDA:100,1,1,0
BRDA:101,2,0,0
BRDA:101,2,1,0
BRDA:102,3,0,0
BRDA:102,3,1,0
BRDA:103,4,0,0
BRDA:103,4,1,0
BRDA:104,5,0,0
BRDA:104,5,1,0
BRDA:105,6,0,0
BRDA:105,6,1,0
BRDA:106,7,0,0
BRDA:106,7,1,0
BRDA:107,8,0,0
BRDA:107,8,1,0
BRDA:108,9,0,0
BRDA:108,9,1,0
BRF:20
BRH:0
end_of_record
TN:
SF:src\navigation\types.ts
FNF:0
FNH:0
LF:0
LH:0
BRF:0
BRH:0
end_of_record
TN:
SF:src\providers\ThemeProvider.tsx
FN:29,(anonymous_0)
FN:30,(anonymous_1)
FN:34,(anonymous_2)
FN:37,(anonymous_3)
FN:42,(anonymous_4)
FN:48,(anonymous_5)
FN:54,(anonymous_6)
FN:60,(anonymous_7)
FN:97,(anonymous_8)
FNF:9
FNH:0
FNDA:0,(anonymous_0)
FNDA:0,(anonymous_1)
FNDA:0,(anonymous_2)
FNDA:0,(anonymous_3)
FNDA:0,(anonymous_4)
FNDA:0,(anonymous_5)
FNDA:0,(anonymous_6)
FNDA:0,(anonymous_7)
FNDA:0,(anonymous_8)
DA:21,0
DA:34,0
DA:37,0
DA:38,0
DA:39,0
DA:42,0
DA:43,0
DA:48,0
DA:49,0
DA:54,0
DA:60,0
DA:63,0
DA:68,0
DA:71,0
DA:80,0
DA:97,0
DA:98,0
DA:99,0
LF:18
LH:0
BRDA:60,0,0,0
BRDA:60,0,1,0
BRDA:68,1,0,0
BRDA:68,1,1,0
BRDA:84,2,0,0
BRDA:84,2,1,0
BRF:6
BRH:0
end_of_record
TN:
SF:src\screens\CareScreen.tsx
FN:33,(anonymous_0)
FN:36,(anonymous_1)
FN:49,(anonymous_2)
FN:75,(anonymous_3)
FN:89,(anonymous_4)
FN:98,(anonymous_5)
FN:117,(anonymous_6)
FNF:7
FNH:0
FNDA:0,(anonymous_0)
FNDA:0,(anonymous_1)
FNDA:0,(anonymous_2)
FNDA:0,(anonymous_3)
FNDA:0,(anonymous_4)
FNDA:0,(anonymous_5)
FNDA:0,(anonymous_6)
DA:6,0
DA:33,0
DA:34,0
DA:36,0
DA:37,0
DA:39,0
DA:41,0
DA:43,0
DA:45,0
DA:49,0
DA:50,0
DA:84,0
DA:99,0
DA:127,0
LF:14
LH:0
BRDA:37,0,0,0
BRDA:37,0,1,0
BRDA:37,0,2,0
BRDA:37,0,3,0
BRF:4
BRH:0
end_of_record
TN:
SF:src\screens\CollectionScreen.tsx
FN:25,(anonymous_0)
FN:31,(anonymous_1)
FN:36,(anonymous_2)
FN:64,(anonymous_3)
FN:65,(anonymous_4)
FN:87,(anonymous_5)
FN:94,(anonymous_6)
FN:101,(anonymous_7)
FN:112,(anonymous_8)
FN:122,(anonymous_9)
FN:132,(anonymous_10)
FNF:11
FNH:0
FNDA:0,(anonymous_0)
FNDA:0,(anonymous_1)
FNDA:0,(anonymous_2)
FNDA:0,(anonymous_3)
FNDA:0,(anonymous_4)
FNDA:0,(anonymous_5)
FNDA:0,(anonymous_6)
FNDA:0,(anonymous_7)
FNDA:0,(anonymous_8)
FNDA:0,(anonymous_9)
FNDA:0,(anonymous_10)
DA:6,0
DA:25,0
DA:26,0
DA:27,0
DA:28,0
DA:30,0
DA:32,0
DA:36,0
DA:37,0
DA:70,0
DA:87,0
DA:94,0
DA:101,0
DA:112,0
DA:139,0
LF:15
LH:0
BRDA:32,0,0,0
BRDA:32,0,1,0
BRDA:86,1,0,0
BRDA:86,1,1,0
BRDA:93,2,0,0
BRDA:93,2,1,0
BRDA:100,3,0,0
BRDA:100,3,1,0
BRDA:108,4,0,0
BRDA:108,4,1,0
BRDA:119,5,0,0
BRDA:119,5,1,0
BRDA:121,6,0,0
BRDA:121,6,1,0
BRF:14
BRH:0
end_of_record
TN:
SF:src\screens\DiscoverScreen.tsx
FN:127,(anonymous_0)
FN:368,(anonymous_1)
FN:370,(anonymous_2)
FN:377,(anonymous_3)
FN:378,(anonymous_4)
FN:388,(anonymous_5)
FN:393,(anonymous_6)
FN:400,(anonymous_7)
FN:408,(anonymous_8)
FN:414,(anonymous_9)
FN:417,(anonymous_10)
FN:422,(anonymous_11)
FN:492,(anonymous_12)
FN:524,(anonymous_13)
FN:535,(anonymous_14)
FN:543,(anonymous_15)
FN:580,(anonymous_16)
FN:590,(anonymous_17)
FN:591,(anonymous_18)
FN:598,(anonymous_19)
FNF:20
FNH:0
FNDA:0,(anonymous_0)
FNDA:0,(anonymous_1)
FNDA:0,(anonymous_2)
FNDA:0,(anonymous_3)
FNDA:0,(anonymous_4)
FNDA:0,(anonymous_5)
FNDA:0,(anonymous_6)
FNDA:0,(anonymous_7)
FNDA:0,(anonymous_8)
FNDA:0,(anonymous_9)
FNDA:0,(anonymous_10)
FNDA:0,(anonymous_11)
FNDA:0,(anonymous_12)
FNDA:0,(anonymous_13)
FNDA:0,(anonymous_14)
FNDA:0,(anonymous_15)
FNDA:0,(anonymous_16)
FNDA:0,(anonymous_17)
FNDA:0,(anonymous_18)
FNDA:0,(anonymous_19)
DA:96,0
DA:127,0
DA:128,0
DA:129,0
DA:130,0
DA:131,0
DA:133,0
DA:273,0
DA:326,0
DA:329,0
DA:360,0
DA:368,0
DA:369,0
DA:370,0
DA:371,0
DA:372,0
DA:373,0
DA:374,0
DA:377,0
DA:378,0
DA:380,0
DA:383,0
DA:384,0
DA:388,0
DA:390,0
DA:393,0
DA:394,0
DA:414,0
DA:415,0
DA:417,0
DA:418,0
DA:422,0
DA:424,0
DA:429,0
DA:434,0
DA:439,0
DA:445,0
DA:450,0
DA:455,0
DA:460,0
DA:464,0
DA:466,0
DA:467,0
DA:504,0
DA:535,0
DA:536,0
DA:538,0
DA:543,0
DA:566,0
DA:590,0
DA:591,0
DA:598,0
LF:52
LH:0
BRDA:131,0,0,0
BRDA:131,0,1,0
BRDA:142,1,0,0
BRDA:142,1,1,0
BRDA:152,2,0,0
BRDA:152,2,1,0
BRDA:380,3,0,0
BRDA:380,3,1,0
BRDA:380,3,2,0
BRDA:383,4,0,0
BRDA:383,4,1,0
BRDA:384,5,0,0
BRDA:384,5,1,0
BRDA:466,6,0,0
BRDA:466,6,1,0
BRDA:466,7,0,0
BRDA:466,7,1,0
BRDA:481,8,0,0
BRDA:481,8,1,0
BRDA:482,9,0,0
BRDA:482,9,1,0
BRDA:484,10,0,0
BRDA:484,10,1,0
BRDA:496,11,0,0
BRDA:496,11,1,0
BRDA:515,12,0,0
BRDA:515,12,1,0
BRDA:541,13,0,0
BRDA:541,13,1,0
BRDA:543,14,0,0
BRDA:543,14,1,0
BRDA:546,15,0,0
BRDA:546,15,1,0
BRDA:548,16,0,0
BRDA:548,16,1,0
BRDA:549,17,0,0
BRDA:549,17,1,0
BRDA:554,18,0,0
BRDA:554,18,1,0
BRDA:555,19,0,0
BRDA:555,19,1,0
BRDA:556,20,0,0
BRDA:556,20,1,0
BRDA:579,21,0,0
BRDA:579,21,1,0
BRF:45
BRH:0
end_of_record
TN:
SF:src\screens\HomeScreen.tsx
FN:5,(anonymous_0)
FN:22,(anonymous_1)
FNF:2
FNH:0
FNDA:0,(anonymous_0)
FNDA:0,(anonymous_1)
DA:5,0
DA:6,0
DA:8,0
DA:49,0
LF:4
LH:0
BRF:0
BRH:0
end_of_record
TN:
SF:src\screens\IdentifyScreen.tsx
FN:6,(anonymous_0)
FN:14,(anonymous_1)
FN:19,(anonymous_2)
FN:23,(anonymous_3)
FN:37,(anonymous_4)
FN:41,(anonymous_5)
FN:70,(anonymous_6)
FN:74,(anonymous_7)
FN:95,(anonymous_8)
FNF:9
FNH:0
FNDA:0,(anonymous_0)
FNDA:0,(anonymous_1)
FNDA:0,(anonymous_2)
FNDA:0,(anonymous_3)
FNDA:0,(anonymous_4)
FNDA:0,(anonymous_5)
FNDA:0,(anonymous_6)
FNDA:0,(anonymous_7)
FNDA:0,(anonymous_8)
DA:6,0
DA:7,0
DA:8,0
DA:9,0
DA:10,0
DA:11,0
DA:12,0
DA:14,0
DA:15,0
DA:16,0
DA:19,0
DA:20,0
DA:23,0
DA:24,0
DA:26,0
DA:27,0
DA:31,0
DA:33,0
DA:37,0
DA:38,0
DA:41,0
DA:43,0
DA:46,0
DA:47,0
DA:54,0
DA:55,0
DA:65,0
DA:70,0
DA:74,0
DA:134,0
LF:30
LH:0
BRDA:20,0,0,0
BRDA:20,0,1,0
BRDA:24,1,0,0
BRDA:24,1,1,0
BRDA:24,2,0,0
BRDA:24,2,1,0
BRDA:46,3,0,0
BRDA:46,3,1,0
BRDA:54,4,0,0
BRDA:54,4,1,0
BRDA:67,5,0,0
BRDA:67,5,1,0
BRF:12
BRH:0
end_of_record
TN:
SF:src\services\supermemory\direct-test.ts
FN:17,testConnection
FNF:1
FNH:0
FNDA:0,testConnection
DA:3,0
DA:5,0
DA:6,0
DA:8,0
DA:9,0
DA:10,0
DA:12,0
DA:13,0
DA:14,0
DA:18,0
DA:19,0
DA:20,0
DA:28,0
DA:29,0
DA:31,0
DA:32,0
DA:33,0
DA:35,0
DA:38,0
DA:39,0
DA:42,0
DA:44,0
DA:45,0
DA:46,0
DA:47,0
DA:48,0
DA:49,0
DA:50,0
DA:51,0
DA:52,0
DA:54,0
DA:59,0
LF:32
LH:0
BRDA:5,0,0,0
BRDA:5,0,1,0
BRDA:10,1,0,0
BRDA:10,1,1,0
BRDA:12,2,0,0
BRDA:12,2,1,0
BRDA:38,3,0,0
BRDA:38,3,1,0
BRDA:45,4,0,0
BRDA:45,4,1,0
BRDA:48,5,0,0
BRDA:48,5,1,0
BRDA:49,6,0,0
BRDA:49,6,1,0
BRDA:50,7,0,0
BRDA:50,7,1,0
BRDA:51,8,0,0
BRDA:51,8,1,0
BRF:18
BRH:0
end_of_record
TN:
SF:src\services\supermemory\index.ts
FNF:0
FNH:0
LF:0
LH:0
BRF:0
BRH:0
end_of_record
TN:
SF:src\services\supermemory\simple-test.ts
FNF:0
FNH:0
DA:3,0
DA:6,0
DA:7,0
DA:8,0
DA:9,0
DA:17,0
DA:18,0
DA:19,0
DA:20,0
DA:23,0
DA:24,0
DA:25,0
DA:27,0
DA:28,0
DA:31,0
LF:15
LH:0
BRDA:11,0,0,0
BRDA:11,0,1,0
BRDA:25,1,0,0
BRDA:25,1,1,0
BRF:4
BRH:0
end_of_record
TN:
SF:src\services\supermemory\supermemory.service.ts
FN:12,(anonymous_0)
FN:20,(anonymous_1)
FN:63,(anonymous_2)
FN:78,(anonymous_3)
FN:82,(anonymous_4)
FN:93,(anonymous_5)
FN:96,(anonymous_6)
FN:103,(anonymous_7)
FNF:8
FNH:0
FNDA:0,(anonymous_0)
FNDA:0,(anonymous_1)
FNDA:0,(anonymous_2)
FNDA:0,(anonymous_3)
FNDA:0,(anonymous_4)
FNDA:0,(anonymous_5)
FNDA:0,(anonymous_6)
FNDA:0,(anonymous_7)
DA:5,0
DA:6,0
DA:16,0
DA:17,0
DA:21,0
DA:23,0
DA:25,0
DA:26,0
DA:31,0
DA:32,0
DA:33,0
DA:35,0
DA:36,0
DA:41,0
DA:44,0
DA:45,0
DA:47,0
DA:48,0
DA:51,0
DA:52,0
DA:53,0
DA:56,0
DA:58,0
DA:59,0
DA:64,0
DA:79,0
DA:83,0
DA:85,0
DA:93,0
DA:97,0
DA:104,0
DA:111,0
LF:32
LH:0
BRDA:5,0,0,0
BRDA:5,0,1,0
BRDA:13,1,0,0
BRDA:13,2,0,0
BRDA:13,2,1,0
BRDA:14,3,0,0
BRDA:20,4,0,0
BRDA:25,5,0,0
BRDA:25,5,1,0
BRDA:45,6,0,0
BRDA:45,6,1,0
BRDA:51,7,0,0
BRDA:51,7,1,0
BRDA:53,8,0,0
BRDA:53,8,1,0
BRDA:83,9,0,0
BRDA:83,10,0,0
BRDA:93,11,0,0
BRDA:93,11,1,0
BRF:19
BRH:0
end_of_record
TN:
SF:src\services\supermemory\test.ts
FN:18,testSupermemory
FNF:1
FNH:0
FNDA:0,testSupermemory
DA:3,0
DA:6,0
DA:7,0
DA:8,0
DA:9,0
DA:16,0
DA:19,0
DA:20,0
DA:21,0
DA:23,0
DA:25,0
DA:26,0
DA:36,0
DA:37,0
DA:40,0
DA:41,0
DA:42,0
DA:50,0
DA:51,0
DA:56,0
DA:57,0
DA:58,0
DA:65,0
DA:67,0
DA:68,0
DA:69,0
DA:70,0
DA:71,0
DA:73,0
DA:75,0
DA:78,0
DA:79,0
DA:80,0
DA:81,0
DA:82,0
DA:84,0
DA:87,0
DA:92,0
DA:93,0
LF:39
LH:0
BRDA:11,0,0,0
BRDA:11,0,1,0
BRDA:57,1,0,0
BRDA:57,1,1,0
BRDA:68,2,0,0
BRDA:68,2,1,0
BRDA:78,3,0,0
BRDA:78,3,1,0
BRF:8
BRH:0
end_of_record
TN:
SF:src\services\supermemory\types.ts
FNF:0
FNH:0
LF:0
LH:0
BRF:0
BRH:0
end_of_record
TN:
SF:src\theme\designTokens.ts
FN:257,(anonymous_0)
FNF:1
FNH:0
FNDA:0,(anonymous_0)
DA:50,0
DA:102,0
DA:201,0
DA:212,0
DA:222,0
DA:232,0
DA:257,0
DA:272,0
LF:8
LH:0
BRF:0
BRH:0
end_of_record
TN:
SF:src\theme\index.ts
FN:167,(anonymous_0)
FN:170,(anonymous_1)
FN:174,(anonymous_2)
FNF:3
FNH:0
FNDA:0,(anonymous_0)
FNDA:0,(anonymous_1)
FNDA:0,(anonymous_2)
DA:11,0
DA:57,0
DA:103,0
DA:145,0
DA:153,0
DA:164,0
DA:167,0
DA:170,0
DA:171,0
DA:174,0
DA:175,0
LF:11
LH:0
BRF:0
BRH:0
end_of_record
TN:
SF:src\types\custom.d.ts
FNF:0
FNH:0
LF:0
LH:0
BRF:0
BRH:0
end_of_record
TN:
SF:src\types\global.d.ts
FNF:0
FNH:0
LF:0
LH:0
BRF:0
BRH:0
end_of_record
TN:
SF:src\types\index.ts
FNF:0
FNH:0
LF:0
LH:0
BRF:0
BRH:0
end_of_record
TN:
SF:test-project\debug-test.js
FN:4,(anonymous_0)
FN:7,(anonymous_1)
FN:11,(anonymous_2)
FN:15,(anonymous_3)
FN:21,(anonymous_4)
FN:25,(anonymous_5)
FNF:6
FNH:0
FNDA:0,(anonymous_0)
FNDA:0,(anonymous_1)
FNDA:0,(anonymous_2)
FNDA:0,(anonymous_3)
FNDA:0,(anonymous_4)
FNDA:0,(anonymous_5)
DA:2,0
DA:4,0
DA:5,0
DA:7,0
DA:8,0
DA:11,0
DA:12,0
DA:15,0
DA:16,0
DA:17,0
DA:18,0
DA:21,0
DA:22,0
DA:25,0
DA:26,0
LF:15
LH:0
BRF:0
BRH:0
end_of_record
TN:
SF:test-project\test.js
FN:2,(anonymous_0)
FNF:1
FNH:0
FNDA:0,(anonymous_0)
DA:2,0
DA:3,0
DA:4,0
DA:5,0
LF:4
LH:0
BRF:0
BRH:0
end_of_record
